

Microchip Technology PIC LITE Macro Assembler V1.35 build -356382666 
                                                                                               Fri Oct 16 20:54:46 2015

Microchip Technology Omniscient Code Generator v1.35 (Free mode) build 201507080246
     1                           	processor	16F628A
     2                           	opt	pw 120
     3                           	opt	lm
     4                           	psect	cinit,global,class=CODE,merge=1,delta=2
     5                           	psect	cstackCOMMON,global,class=COMMON,space=1,delta=1
     6                           	psect	maintext,global,class=CODE,split=1,delta=2
     7                           	dabs	1,0x7E,2
     8  0000                     	;# 
     9  0001                     	;# 
    10  0002                     	;# 
    11  0003                     	;# 
    12  0004                     	;# 
    13  0005                     	;# 
    14  0006                     	;# 
    15  000A                     	;# 
    16  000B                     	;# 
    17  000C                     	;# 
    18  000E                     	;# 
    19  000E                     	;# 
    20  000F                     	;# 
    21  0010                     	;# 
    22  0011                     	;# 
    23  0012                     	;# 
    24  0015                     	;# 
    25  0015                     	;# 
    26  0016                     	;# 
    27  0017                     	;# 
    28  0018                     	;# 
    29  0019                     	;# 
    30  001A                     	;# 
    31  001F                     	;# 
    32  0081                     	;# 
    33  0085                     	;# 
    34  0086                     	;# 
    35  008C                     	;# 
    36  008E                     	;# 
    37  0092                     	;# 
    38  0098                     	;# 
    39  0099                     	;# 
    40  009A                     	;# 
    41  009B                     	;# 
    42  009C                     	;# 
    43  009D                     	;# 
    44  009F                     	;# 
    45  001F                     _CMCON	set	31
    46  0006                     _PORTB	set	6
    47  0028                     _RA0	set	40
    48  0029                     _RA1	set	41
    49  002A                     _RA2	set	42
    50  0030                     _RB0	set	48
    51  0031                     _RB1	set	49
    52  0032                     _RB2	set	50
    53  0033                     _RB3	set	51
    54  0086                     _TRISB	set	134
    55  0428                     _TRISA0	set	1064
    56  0429                     _TRISA1	set	1065
    57                           
    58                           ; #config settings
    59  0000                     
    60                           	psect	cinit
    61  07FE                     start_initialization:	
    62  07FE                     __initialization:	
    63  07FE                     end_of_initialization:	
    64                           ;End of C runtime variable initialization code
    65                           
    66  07FE                     __end_of__initialization:	
    67  07FE  0183               	clrf	3
    68  07FF  2F6F               	ljmp	_main	;jump to C main() function
    69                           
    70                           	psect	cstackCOMMON
    71  0070                     __pcstackCOMMON:	
    72  0070                     ??_main:	
    73  0070                     ?_main:	
    74                           ; 0 bytes @ 0x0
    75                           
    76                           
    77                           ; 2 bytes @ 0x0
    78  0070                     	ds	3
    79                           
    80                           	psect	maintext
    81  076F                     __pmaintext:	
    82 ;;
    83 ;;Main: autosize = 0, tempsize = 3, incstack = 0, save=0
    84 ;;
    85 ;; *************** function _main *****************
    86 ;; Defined at:
    87 ;;		line 23 in file "3 switches stepper v1.c"
    88 ;; Parameters:    Size  Location     Type
    89 ;;		None
    90 ;; Auto vars:     Size  Location     Type
    91 ;;		None
    92 ;; Return value:  Size  Location     Type
    93 ;;                  2   28[None  ] int 
    94 ;; Registers used:
    95 ;;		wreg, status,2
    96 ;; Tracked objects:
    97 ;;		On entry : B00/0
    98 ;;		On exit  : 0/0
    99 ;;		Unchanged: 0/0
   100 ;; Data sizes:     COMMON   BANK0   BANK1   BANK2
   101 ;;      Params:         0       0       0       0
   102 ;;      Locals:         0       0       0       0
   103 ;;      Temps:          3       0       0       0
   104 ;;      Totals:         3       0       0       0
   105 ;;Total ram usage:        3 bytes
   106 ;; This function calls:
   107 ;;		Nothing
   108 ;; This function is called by:
   109 ;;		Startup code after reset
   110 ;; This function uses a non-reentrant model
   111 ;;
   112                           
   113                           
   114                           ;psect for function _main
   115  076F                     _main:	
   116                           
   117                           ;3 switches stepper v1.c: 25: TRISB = 0b00000000;
   118                           
   119                           ;incstack = 0
   120                           ; Regs used in _main: [wreg+status,2]
   121  076F  1683               	bsf	3,5	;RP0=1, select bank1
   122  0770  1303               	bcf	3,6	;RP1=0, select bank1
   123  0771  0186               	clrf	6	;volatile
   124                           
   125                           ;3 switches stepper v1.c: 26: TRISA0 = 1;
   126  0772  1405               	bsf	5,0	;volatile
   127                           
   128                           ;3 switches stepper v1.c: 27: TRISA1 = 1;
   129  0773  1485               	bsf	5,1	;volatile
   130                           
   131                           ;3 switches stepper v1.c: 28: CMCON = 0x07;
   132  0774  3007               	movlw	7
   133  0775  1283               	bcf	3,5	;RP0=0, select bank0
   134  0776  1303               	bcf	3,6	;RP1=0, select bank0
   135  0777  009F               	movwf	31	;volatile
   136                           
   137                           ;3 switches stepper v1.c: 31: RB0 = 0;
   138  0778  1006               	bcf	6,0	;volatile
   139                           
   140                           ;3 switches stepper v1.c: 32: RB1 = 0;
   141  0779  1086               	bcf	6,1	;volatile
   142                           
   143                           ;3 switches stepper v1.c: 33: RB2 = 0;
   144  077A  1106               	bcf	6,2	;volatile
   145                           
   146                           ;3 switches stepper v1.c: 34: RB3 = 0;
   147  077B  1186               	bcf	6,3	;volatile
   148  077C                     l511:	
   149                           ;3 switches stepper v1.c: 36: while(1)
   150                           
   151                           
   152                           ;3 switches stepper v1.c: 37: {
   153                           ;3 switches stepper v1.c: 38: if(RA1 == 0)
   154  077C  1885               	btfsc	5,1	;volatile
   155  077D  2FB3               	goto	l517
   156                           
   157                           ;3 switches stepper v1.c: 39: {
   158                           ;3 switches stepper v1.c: 40: PORTB = 0b00001000;
   159  077E  3008               	movlw	8
   160  077F  0086               	movwf	6	;volatile
   161                           
   162                           ;3 switches stepper v1.c: 41: _delay((unsigned long)((8)*(4000000/4000.0)));
   163  0780  300B               	movlw	11
   164  0781  00F1               	movwf	??_main+1
   165  0782  3062               	movlw	98
   166  0783  00F0               	movwf	??_main
   167  0784                     u47:	
   168  0784  0BF0               	decfsz	??_main,f
   169  0785  2F84               	goto	u47
   170  0786  0BF1               	decfsz	??_main+1,f
   171  0787  2F84               	goto	u47
   172  0788  0000               	nop
   173                           
   174                           ;3 switches stepper v1.c: 42: PORTB = 0b00000100;
   175  0789  3004               	movlw	4
   176  078A  1283               	bcf	3,5	;RP0=0, select bank0
   177  078B  1303               	bcf	3,6	;RP1=0, select bank0
   178  078C  0086               	movwf	6	;volatile
   179                           
   180                           ;3 switches stepper v1.c: 43: _delay((unsigned long)((8)*(4000000/4000.0)));
   181  078D  300B               	movlw	11
   182  078E  00F1               	movwf	??_main+1
   183  078F  3062               	movlw	98
   184  0790  00F0               	movwf	??_main
   185  0791                     u57:	
   186  0791  0BF0               	decfsz	??_main,f
   187  0792  2F91               	goto	u57
   188  0793  0BF1               	decfsz	??_main+1,f
   189  0794  2F91               	goto	u57
   190  0795  0000               	nop
   191                           
   192                           ;3 switches stepper v1.c: 44: PORTB = 0b10100010;
   193  0796  30A2               	movlw	162
   194  0797  1283               	bcf	3,5	;RP0=0, select bank0
   195  0798  1303               	bcf	3,6	;RP1=0, select bank0
   196  0799  0086               	movwf	6	;volatile
   197                           
   198                           ;3 switches stepper v1.c: 45: _delay((unsigned long)((8)*(4000000/4000.0)));
   199  079A  300B               	movlw	11
   200  079B  00F1               	movwf	??_main+1
   201  079C  3062               	movlw	98
   202  079D  00F0               	movwf	??_main
   203  079E                     u67:	
   204  079E  0BF0               	decfsz	??_main,f
   205  079F  2F9E               	goto	u67
   206  07A0  0BF1               	decfsz	??_main+1,f
   207  07A1  2F9E               	goto	u67
   208  07A2  0000               	nop
   209                           
   210                           ;3 switches stepper v1.c: 46: PORTB = 0b00000001;
   211  07A3  3001               	movlw	1
   212  07A4  1283               	bcf	3,5	;RP0=0, select bank0
   213  07A5  1303               	bcf	3,6	;RP1=0, select bank0
   214  07A6  0086               	movwf	6	;volatile
   215                           
   216                           ;3 switches stepper v1.c: 47: _delay((unsigned long)((8)*(4000000/4000.0)));
   217  07A7  300B               	movlw	11
   218  07A8  00F1               	movwf	??_main+1
   219  07A9  3062               	movlw	98
   220  07AA  00F0               	movwf	??_main
   221  07AB                     u77:	
   222  07AB  0BF0               	decfsz	??_main,f
   223  07AC  2FAB               	goto	u77
   224  07AD  0BF1               	decfsz	??_main+1,f
   225  07AE  2FAB               	goto	u77
   226  07AF  0000               	nop
   227                           
   228                           ;3 switches stepper v1.c: 48: PORTB = 0b00000000;
   229  07B0  1283               	bcf	3,5	;RP0=0, select bank0
   230  07B1  1303               	bcf	3,6	;RP1=0, select bank0
   231  07B2  0186               	clrf	6	;volatile
   232  07B3                     l517:	
   233                           
   234                           ;3 switches stepper v1.c: 49: }
   235                           ;3 switches stepper v1.c: 51: if(RA2 == 0)
   236  07B3  1905               	btfsc	5,2	;volatile
   237  07B4  2FEA               	goto	l523
   238                           
   239                           ;3 switches stepper v1.c: 52: {
   240                           ;3 switches stepper v1.c: 53: PORTB = 0b00000001;
   241  07B5  3001               	movlw	1
   242  07B6  0086               	movwf	6	;volatile
   243                           
   244                           ;3 switches stepper v1.c: 54: _delay((unsigned long)((19)*(4000000/4000.0)));
   245  07B7  3019               	movlw	25
   246  07B8  00F1               	movwf	??_main+1
   247  07B9  30AB               	movlw	171
   248  07BA  00F0               	movwf	??_main
   249  07BB                     u87:	
   250  07BB  0BF0               	decfsz	??_main,f
   251  07BC  2FBB               	goto	u87
   252  07BD  0BF1               	decfsz	??_main+1,f
   253  07BE  2FBB               	goto	u87
   254  07BF  2FC0               	nop2
   255                           
   256                           ;3 switches stepper v1.c: 55: PORTB = 0b00000010;
   257  07C0  3002               	movlw	2
   258  07C1  1283               	bcf	3,5	;RP0=0, select bank0
   259  07C2  1303               	bcf	3,6	;RP1=0, select bank0
   260  07C3  0086               	movwf	6	;volatile
   261                           
   262                           ;3 switches stepper v1.c: 56: _delay((unsigned long)((19)*(4000000/4000.0)));
   263  07C4  3019               	movlw	25
   264  07C5  00F1               	movwf	??_main+1
   265  07C6  30AB               	movlw	171
   266  07C7  00F0               	movwf	??_main
   267  07C8                     u97:	
   268  07C8  0BF0               	decfsz	??_main,f
   269  07C9  2FC8               	goto	u97
   270  07CA  0BF1               	decfsz	??_main+1,f
   271  07CB  2FC8               	goto	u97
   272  07CC  2FCD               	nop2
   273                           
   274                           ;3 switches stepper v1.c: 57: PORTB = 0b10100100;
   275  07CD  30A4               	movlw	164
   276  07CE  1283               	bcf	3,5	;RP0=0, select bank0
   277  07CF  1303               	bcf	3,6	;RP1=0, select bank0
   278  07D0  0086               	movwf	6	;volatile
   279                           
   280                           ;3 switches stepper v1.c: 58: _delay((unsigned long)((19)*(4000000/4000.0)));
   281  07D1  3019               	movlw	25
   282  07D2  00F1               	movwf	??_main+1
   283  07D3  30AB               	movlw	171
   284  07D4  00F0               	movwf	??_main
   285  07D5                     u107:	
   286  07D5  0BF0               	decfsz	??_main,f
   287  07D6  2FD5               	goto	u107
   288  07D7  0BF1               	decfsz	??_main+1,f
   289  07D8  2FD5               	goto	u107
   290  07D9  2FDA               	nop2
   291                           
   292                           ;3 switches stepper v1.c: 59: PORTB = 0b00001000;
   293  07DA  3008               	movlw	8
   294  07DB  1283               	bcf	3,5	;RP0=0, select bank0
   295  07DC  1303               	bcf	3,6	;RP1=0, select bank0
   296  07DD  0086               	movwf	6	;volatile
   297                           
   298                           ;3 switches stepper v1.c: 60: _delay((unsigned long)((19)*(4000000/4000.0)));
   299  07DE  3019               	movlw	25
   300  07DF  00F1               	movwf	??_main+1
   301  07E0  30AB               	movlw	171
   302  07E1  00F0               	movwf	??_main
   303  07E2                     u117:	
   304  07E2  0BF0               	decfsz	??_main,f
   305  07E3  2FE2               	goto	u117
   306  07E4  0BF1               	decfsz	??_main+1,f
   307  07E5  2FE2               	goto	u117
   308  07E6  2FE7               	nop2
   309                           
   310                           ;3 switches stepper v1.c: 61: PORTB = 0b00000000;
   311  07E7  1283               	bcf	3,5	;RP0=0, select bank0
   312  07E8  1303               	bcf	3,6	;RP1=0, select bank0
   313  07E9  0186               	clrf	6	;volatile
   314  07EA                     l523:	
   315                           
   316                           ;3 switches stepper v1.c: 62: }
   317                           ;3 switches stepper v1.c: 66: if(RA0 == 0)
   318  07EA  1805               	btfsc	5,0	;volatile
   319  07EB  2F7C               	goto	l511
   320                           
   321                           ;3 switches stepper v1.c: 67: {
   322                           ;3 switches stepper v1.c: 68: RB0 = 1;
   323  07EC  1406               	bsf	6,0	;volatile
   324                           
   325                           ;3 switches stepper v1.c: 69: _delay((unsigned long)((6000)*(4000000/4000.0)));
   326  07ED  301F               	movlw	31
   327  07EE  00F2               	movwf	??_main+2
   328  07EF  3071               	movlw	113
   329  07F0  00F1               	movwf	??_main+1
   330  07F1  303B               	movlw	59
   331  07F2  00F0               	movwf	??_main
   332  07F3                     u127:	
   333  07F3  0BF0               	decfsz	??_main,f
   334  07F4  2FF3               	goto	u127
   335  07F5  0BF1               	decfsz	??_main+1,f
   336  07F6  2FF3               	goto	u127
   337  07F7  0BF2               	decfsz	??_main+2,f
   338  07F8  2FF3               	goto	u127
   339  07F9  0000               	nop
   340                           
   341                           ;3 switches stepper v1.c: 70: RB0 = 0;
   342  07FA  1283               	bcf	3,5	;RP0=0, select bank0
   343  07FB  1303               	bcf	3,6	;RP1=0, select bank0
   344  07FC  1006               	bcf	6,0	;volatile
   345  07FD  2F7C               	goto	l511
   346  07FE                     __end_of_main:	
   347                           ;3 switches stepper v1.c: 71: }
   348                           ;3 switches stepper v1.c: 72: }
   349                           ;3 switches stepper v1.c: 73: return 0;
   350                           ;	Return value of _main is never used
   351                           
   352  007E                     btemp	set	126	;btemp
   353  007E                     wtemp	set	126
   354  007E                     wtemp0	set	126
   355  0080                     wtemp1	set	128
   356  0082                     wtemp2	set	130
   357  0084                     wtemp3	set	132
   358  0086                     wtemp4	set	134
   359  0088                     wtemp5	set	136
   360  007F                     wtemp6	set	127
   361  007E                     ttemp	set	126
   362  007E                     ttemp0	set	126
   363  0081                     ttemp1	set	129
   364  0084                     ttemp2	set	132
   365  0087                     ttemp3	set	135
   366  007F                     ttemp4	set	127
   367  007E                     ltemp	set	126
   368  007E                     ltemp0	set	126
   369  0082                     ltemp1	set	130
   370  0086                     ltemp2	set	134
   371  0080                     ltemp3	set	128


Data Sizes:
    Strings     0
    Constant    0
    Data        0
    BSS         0
    Persistent  0
    Stack       0

Auto Spaces:
    Space          Size  Autos    Used
    COMMON           14      3       3
    BANK0            80      0       0
    BANK1            80      0       0
    BANK2            48      0       0

Pointer List with Targets:

    None.

Critical Paths under _main in COMMON

    None.

Critical Paths under _main in BANK0

    None.

Critical Paths under _main in BANK1

    None.

Critical Paths under _main in BANK2

    None.

Call Graph Tables:

 ---------------------------------------------------------------------------------
 (Depth) Function   	        Calls       Base Space   Used Autos Params    Refs
 ---------------------------------------------------------------------------------
 (0) _main                                                 3     3      0       0
                                              0 COMMON     3     3      0
 ---------------------------------------------------------------------------------
 Estimated maximum stack depth 0
 ---------------------------------------------------------------------------------

 Call Graph Graphs:

 _main (ROOT)

 Address spaces:
Name               Size   Autos  Total    Cost      Usage
BITCOMMON            E      0       0       0        0.0%
EEDATA              80      0       0       0        0.0%
NULL                 0      0       0       0        0.0%
CODE                 0      0       0       0        0.0%
COMMON               E      3       3       1       21.4%
BITSFR0              0      0       0       1        0.0%
SFR0                 0      0       0       1        0.0%
BITSFR1              0      0       0       2        0.0%
SFR1                 0      0       0       2        0.0%
STACK                0      0       0       2        0.0%
BANK0               50      0       0       3        0.0%
BITSFR3              0      0       0       4        0.0%
SFR3                 0      0       0       4        0.0%
ABS                  0      0       0       4        0.0%
BITBANK0            50      0       0       5        0.0%
BITSFR2              0      0       0       5        0.0%
SFR2                 0      0       0       5        0.0%
BITBANK1            50      0       0       6        0.0%
BANK1               50      0       0       7        0.0%
BITBANK2            30      0       0       8        0.0%
BANK2               30      0       0       9        0.0%
DATA                 0      0       0      10        0.0%


Microchip Technology PIC Macro Assembler V1.35 build -356382666 
Symbol Table                                                                                   Fri Oct 16 20:54:46 2015

                     u47 0784                       u57 0791                       u67 079E  
                     u77 07AB                       u87 07BB                       u97 07C8  
                    l511 077C                      l523 07EA                      l517 07B3  
                    _RA0 0028                      _RA1 0029                      _RB0 0030  
                    _RA2 002A                      _RB1 0031                      _RB2 0032  
                    _RB3 0033                      u107 07D5                      u117 07E2  
                    u127 07F3             __CFG_LVP$OFF 0000                     _main 076F  
                   btemp 007E                     ltemp 007E                     start 0000  
                   ttemp 007E                     wtemp 007E                    ?_main 0070  
          __CFG_WDTE$OFF 0000                    _CMCON 001F                    _PORTB 0006  
                  _TRISB 0086           __CFG_BOREN$OFF 0000                    ltemp0 007E  
                  ltemp1 0082                    ltemp2 0086                    ltemp3 0080  
                  ttemp0 007E                    ttemp1 0081                    ttemp2 0084  
                  ttemp3 0087                    ttemp4 007F                    status 0003  
                  wtemp0 007E                    wtemp1 0080                    wtemp2 0082  
                  wtemp3 0084                    wtemp4 0086                    wtemp5 0088  
                  wtemp6 007F          __initialization 07FE             __end_of_main 07FE  
                 ??_main 0070                   _TRISA0 0428                   _TRISA1 0429  
__end_of__initialization 07FE           __pcstackCOMMON 0070               __pmaintext 076F  
   end_of_initialization 07FE      start_initialization 07FE                ___latbits 0000  
          __size_of_main 008F       __CFG_FOSC$INTOSCIO 0000  
