

Microchip Technology PIC LITE Macro Assembler V1.35 build -356382666 
                                                                                               Tue Oct 13 10:40:24 2015

Microchip Technology Omniscient Code Generator v1.35 (Free mode) build 201507080246
     1                           	processor	16F628A
     2                           	opt	pw 120
     3                           	opt	lm
     4                           	psect	cinit,global,class=CODE,merge=1,delta=2
     5                           	psect	cstackCOMMON,global,class=COMMON,space=1,delta=1
     6                           	psect	maintext,global,class=CODE,split=1,delta=2
     7                           	dabs	1,0x7E,2
     8  0000                     	;# 
     9  0001                     	;# 
    10  0002                     	;# 
    11  0003                     	;# 
    12  0004                     	;# 
    13  0005                     	;# 
    14  0006                     	;# 
    15  000A                     	;# 
    16  000B                     	;# 
    17  000C                     	;# 
    18  000E                     	;# 
    19  000E                     	;# 
    20  000F                     	;# 
    21  0010                     	;# 
    22  0011                     	;# 
    23  0012                     	;# 
    24  0015                     	;# 
    25  0015                     	;# 
    26  0016                     	;# 
    27  0017                     	;# 
    28  0018                     	;# 
    29  0019                     	;# 
    30  001A                     	;# 
    31  001F                     	;# 
    32  0081                     	;# 
    33  0085                     	;# 
    34  0086                     	;# 
    35  008C                     	;# 
    36  008E                     	;# 
    37  0092                     	;# 
    38  0098                     	;# 
    39  0099                     	;# 
    40  009A                     	;# 
    41  009B                     	;# 
    42  009C                     	;# 
    43  009D                     	;# 
    44  009F                     	;# 
    45  001F                     _CMCON	set	31
    46  0005                     _PORTA	set	5
    47  0006                     _PORTB	set	6
    48  0085                     _TRISA	set	133
    49  0086                     _TRISB	set	134
    50                           
    51                           ; #config settings
    52  0000                     
    53                           	psect	cinit
    54  07FE                     start_initialization:	
    55  07FE                     __initialization:	
    56  07FE                     end_of_initialization:	
    57                           ;End of C runtime variable initialization code
    58                           
    59  07FE                     __end_of__initialization:	
    60  07FE  0183               	clrf	3
    61  07FF  2FBF               	ljmp	_main	;jump to C main() function
    62                           
    63                           	psect	cstackCOMMON
    64  0070                     __pcstackCOMMON:	
    65  0070                     ?_main:	
    66  0070                     ??_main:	
    67                           ; 0 bytes @ 0x0
    68                           
    69                           
    70                           ; 0 bytes @ 0x0
    71  0070                     	ds	2
    72                           
    73                           	psect	maintext
    74  07BF                     __pmaintext:	
    75 ;;
    76 ;;Main: autosize = 0, tempsize = 2, incstack = 0, save=0
    77 ;;
    78 ;; *************** function _main *****************
    79 ;; Defined at:
    80 ;;		line 31 in file "step 1 ez.c"
    81 ;; Parameters:    Size  Location     Type
    82 ;;		None
    83 ;; Auto vars:     Size  Location     Type
    84 ;;		None
    85 ;; Return value:  Size  Location     Type
    86 ;;		None               void
    87 ;; Registers used:
    88 ;;		wreg, status,2
    89 ;; Tracked objects:
    90 ;;		On entry : B00/0
    91 ;;		On exit  : 0/0
    92 ;;		Unchanged: 0/0
    93 ;; Data sizes:     COMMON   BANK0   BANK1   BANK2
    94 ;;      Params:         0       0       0       0
    95 ;;      Locals:         0       0       0       0
    96 ;;      Temps:          2       0       0       0
    97 ;;      Totals:         2       0       0       0
    98 ;;Total ram usage:        2 bytes
    99 ;; This function calls:
   100 ;;		Nothing
   101 ;; This function is called by:
   102 ;;		Startup code after reset
   103 ;; This function uses a non-reentrant model
   104 ;;
   105                           
   106                           
   107                           ;psect for function _main
   108  07BF                     _main:	
   109                           
   110                           ;step 1 ez.c: 33: TRISA = 0b00000000;
   111                           
   112                           ;incstack = 0
   113                           ; Regs used in _main: [wreg+status,2]
   114  07BF  1683               	bsf	3,5	;RP0=1, select bank1
   115  07C0  1303               	bcf	3,6	;RP1=0, select bank1
   116  07C1  0185               	clrf	5	;volatile
   117                           
   118                           ;step 1 ez.c: 34: TRISB = 0b00000000;
   119  07C2  0186               	clrf	6	;volatile
   120                           
   121                           ;step 1 ez.c: 36: PORTA = 0b00000000;
   122  07C3  1283               	bcf	3,5	;RP0=0, select bank0
   123  07C4  1303               	bcf	3,6	;RP1=0, select bank0
   124  07C5  0185               	clrf	5	;volatile
   125                           
   126                           ;step 1 ez.c: 37: PORTB = 0b00000000;
   127  07C6  0186               	clrf	6	;volatile
   128                           
   129                           ;step 1 ez.c: 39: CMCON = 0x07;
   130  07C7  3007               	movlw	7
   131  07C8  009F               	movwf	31	;volatile
   132  07C9                     l482:	
   133                           ;step 1 ez.c: 43: while (1)
   134                           
   135                           
   136                           ;step 1 ez.c: 44: {
   137                           ;step 1 ez.c: 45: PORTA = 0b00000001;
   138  07C9  3001               	movlw	1
   139  07CA  1283               	bcf	3,5	;RP0=0, select bank0
   140  07CB  1303               	bcf	3,6	;RP1=0, select bank0
   141  07CC  0085               	movwf	5	;volatile
   142                           
   143                           ;step 1 ez.c: 46: _delay((unsigned long)((19)*(4000000/4000.0)));
   144  07CD  3019               	movlw	25
   145  07CE  00F1               	movwf	??_main+1
   146  07CF  30AB               	movlw	171
   147  07D0  00F0               	movwf	??_main
   148  07D1                     u17:	
   149  07D1  0BF0               	decfsz	??_main,f
   150  07D2  2FD1               	goto	u17
   151  07D3  0BF1               	decfsz	??_main+1,f
   152  07D4  2FD1               	goto	u17
   153  07D5  2FD6               	nop2
   154                           
   155                           ;step 1 ez.c: 47: PORTA = 0b00000010;
   156  07D6  3002               	movlw	2
   157  07D7  1283               	bcf	3,5	;RP0=0, select bank0
   158  07D8  1303               	bcf	3,6	;RP1=0, select bank0
   159  07D9  0085               	movwf	5	;volatile
   160                           
   161                           ;step 1 ez.c: 48: _delay((unsigned long)((19)*(4000000/4000.0)));
   162  07DA  3019               	movlw	25
   163  07DB  00F1               	movwf	??_main+1
   164  07DC  30AB               	movlw	171
   165  07DD  00F0               	movwf	??_main
   166  07DE                     u27:	
   167  07DE  0BF0               	decfsz	??_main,f
   168  07DF  2FDE               	goto	u27
   169  07E0  0BF1               	decfsz	??_main+1,f
   170  07E1  2FDE               	goto	u27
   171  07E2  2FE3               	nop2
   172                           
   173                           ;step 1 ez.c: 49: PORTA = 0b10100100;
   174  07E3  30A4               	movlw	164
   175  07E4  1283               	bcf	3,5	;RP0=0, select bank0
   176  07E5  1303               	bcf	3,6	;RP1=0, select bank0
   177  07E6  0085               	movwf	5	;volatile
   178                           
   179                           ;step 1 ez.c: 50: _delay((unsigned long)((19)*(4000000/4000.0)));
   180  07E7  3019               	movlw	25
   181  07E8  00F1               	movwf	??_main+1
   182  07E9  30AB               	movlw	171
   183  07EA  00F0               	movwf	??_main
   184  07EB                     u37:	
   185  07EB  0BF0               	decfsz	??_main,f
   186  07EC  2FEB               	goto	u37
   187  07ED  0BF1               	decfsz	??_main+1,f
   188  07EE  2FEB               	goto	u37
   189  07EF  2FF0               	nop2
   190                           
   191                           ;step 1 ez.c: 51: PORTA = 0b00001000;
   192  07F0  3008               	movlw	8
   193  07F1  1283               	bcf	3,5	;RP0=0, select bank0
   194  07F2  1303               	bcf	3,6	;RP1=0, select bank0
   195  07F3  0085               	movwf	5	;volatile
   196                           
   197                           ;step 1 ez.c: 52: _delay((unsigned long)((19)*(4000000/4000.0)));
   198  07F4  3019               	movlw	25
   199  07F5  00F1               	movwf	??_main+1
   200  07F6  30AB               	movlw	171
   201  07F7  00F0               	movwf	??_main
   202  07F8                     u47:	
   203  07F8  0BF0               	decfsz	??_main,f
   204  07F9  2FF8               	goto	u47
   205  07FA  0BF1               	decfsz	??_main+1,f
   206  07FB  2FF8               	goto	u47
   207  07FC  2FFD               	nop2
   208  07FD  2FC9               	goto	l482
   209  07FE                     __end_of_main:	
   210  007E                     btemp	set	126	;btemp
   211  007E                     wtemp	set	126
   212  007E                     wtemp0	set	126
   213  0080                     wtemp1	set	128
   214  0082                     wtemp2	set	130
   215  0084                     wtemp3	set	132
   216  0086                     wtemp4	set	134
   217  0088                     wtemp5	set	136
   218  007F                     wtemp6	set	127
   219  007E                     ttemp	set	126
   220  007E                     ttemp0	set	126
   221  0081                     ttemp1	set	129
   222  0084                     ttemp2	set	132
   223  0087                     ttemp3	set	135
   224  007F                     ttemp4	set	127
   225  007E                     ltemp	set	126
   226  007E                     ltemp0	set	126
   227  0082                     ltemp1	set	130
   228  0086                     ltemp2	set	134
   229  0080                     ltemp3	set	128


Data Sizes:
    Strings     0
    Constant    0
    Data        0
    BSS         0
    Persistent  0
    Stack       0

Auto Spaces:
    Space          Size  Autos    Used
    COMMON           14      2       2
    BANK0            80      0       0
    BANK1            80      0       0
    BANK2            48      0       0

Pointer List with Targets:

    None.

Critical Paths under _main in COMMON

    None.

Critical Paths under _main in BANK0

    None.

Critical Paths under _main in BANK1

    None.

Critical Paths under _main in BANK2

    None.

Call Graph Tables:

 ---------------------------------------------------------------------------------
 (Depth) Function   	        Calls       Base Space   Used Autos Params    Refs
 ---------------------------------------------------------------------------------
 (0) _main                                                 2     2      0       0
                                              0 COMMON     2     2      0
 ---------------------------------------------------------------------------------
 Estimated maximum stack depth 0
 ---------------------------------------------------------------------------------

 Call Graph Graphs:

 _main (ROOT)

 Address spaces:
Name               Size   Autos  Total    Cost      Usage
BITCOMMON            E      0       0       0        0.0%
EEDATA              80      0       0       0        0.0%
NULL                 0      0       0       0        0.0%
CODE                 0      0       0       0        0.0%
COMMON               E      2       2       1       14.3%
BITSFR0              0      0       0       1        0.0%
SFR0                 0      0       0       1        0.0%
BITSFR1              0      0       0       2        0.0%
SFR1                 0      0       0       2        0.0%
STACK                0      0       0       2        0.0%
BANK0               50      0       0       3        0.0%
BITSFR3              0      0       0       4        0.0%
SFR3                 0      0       0       4        0.0%
ABS                  0      0       0       4        0.0%
BITBANK0            50      0       0       5        0.0%
BITSFR2              0      0       0       5        0.0%
SFR2                 0      0       0       5        0.0%
BITBANK1            50      0       0       6        0.0%
BANK1               50      0       0       7        0.0%
BITBANK2            30      0       0       8        0.0%
BANK2               30      0       0       9        0.0%
DATA                 0      0       0      10        0.0%


Microchip Technology PIC Macro Assembler V1.35 build -356382666 
Symbol Table                                                                                   Tue Oct 13 10:40:24 2015

                     u17 07D1                       u27 07DE                       u37 07EB  
                     u47 07F8                      l482 07C9             __CFG_LVP$OFF 0000  
                   _main 07BF                     btemp 007E                     ltemp 007E  
                   start 0000                     ttemp 007E                     wtemp 007E  
                  ?_main 0070            __CFG_WDTE$OFF 0000                    _CMCON 001F  
                  _PORTA 0005                    _PORTB 0006                    _TRISA 0085  
                  _TRISB 0086           __CFG_BOREN$OFF 0000                    ltemp0 007E  
                  ltemp1 0082                    ltemp2 0086                    ltemp3 0080  
                  ttemp0 007E                    ttemp1 0081                    ttemp2 0084  
                  ttemp3 0087                    ttemp4 007F                    status 0003  
                  wtemp0 007E                    wtemp1 0080                    wtemp2 0082  
                  wtemp3 0084                    wtemp4 0086                    wtemp5 0088  
                  wtemp6 007F          __initialization 07FE             __end_of_main 07FE  
                 ??_main 0070  __end_of__initialization 07FE           __pcstackCOMMON 0070  
             __pmaintext 07BF     end_of_initialization 07FE      start_initialization 07FE  
              ___latbits 0000            __size_of_main 003F       __CFG_FOSC$INTOSCIO 0000  
