

Microchip Technology PIC LITE Macro Assembler V1.35 build -356382666 
                                                                                               Mon Oct 12 23:15:31 2015

Microchip Technology Omniscient Code Generator v1.35 (Free mode) build 201507080246
     1                           	processor	16F628A
     2                           	opt	pw 120
     3                           	opt	lm
     4                           	psect	cinit,global,class=CODE,merge=1,delta=2
     5                           	psect	cstackCOMMON,global,class=COMMON,space=1,delta=1
     6                           	psect	maintext,global,class=CODE,split=1,delta=2
     7                           	dabs	1,0x7E,2
     8  0000                     	;# 
     9  0001                     	;# 
    10  0002                     	;# 
    11  0003                     	;# 
    12  0004                     	;# 
    13  0005                     	;# 
    14  0006                     	;# 
    15  000A                     	;# 
    16  000B                     	;# 
    17  000C                     	;# 
    18  000E                     	;# 
    19  000E                     	;# 
    20  000F                     	;# 
    21  0010                     	;# 
    22  0011                     	;# 
    23  0012                     	;# 
    24  0015                     	;# 
    25  0015                     	;# 
    26  0016                     	;# 
    27  0017                     	;# 
    28  0018                     	;# 
    29  0019                     	;# 
    30  001A                     	;# 
    31  001F                     	;# 
    32  0081                     	;# 
    33  0085                     	;# 
    34  0086                     	;# 
    35  008C                     	;# 
    36  008E                     	;# 
    37  0092                     	;# 
    38  0098                     	;# 
    39  0099                     	;# 
    40  009A                     	;# 
    41  009B                     	;# 
    42  009C                     	;# 
    43  009D                     	;# 
    44  009F                     	;# 
    45  001F                     _CMCON	set	31
    46  0005                     _PORTA	set	5
    47  0006                     _PORTB	set	6
    48  0085                     _TRISA	set	133
    49  0086                     _TRISB	set	134
    50                           
    51                           ; #config settings
    52  0000                     
    53                           	psect	cinit
    54  07FE                     start_initialization:	
    55  07FE                     __initialization:	
    56  07FE                     end_of_initialization:	
    57                           ;End of C runtime variable initialization code
    58                           
    59  07FE                     __end_of__initialization:	
    60  07FE  0183               	clrf	3
    61  07FF  2F9F               	ljmp	_main	;jump to C main() function
    62                           
    63                           	psect	cstackCOMMON
    64  0070                     __pcstackCOMMON:	
    65  0070                     ?_main:	
    66  0070                     ??_main:	
    67                           ; 0 bytes @ 0x0
    68                           
    69                           
    70                           ; 0 bytes @ 0x0
    71  0070                     	ds	3
    72                           
    73                           	psect	maintext
    74  079F                     __pmaintext:	
    75 ;;
    76 ;;Main: autosize = 0, tempsize = 3, incstack = 0, save=0
    77 ;;
    78 ;; *************** function _main *****************
    79 ;; Defined at:
    80 ;;		line 31 in file "prodjekt 4 3 pin blink.c"
    81 ;; Parameters:    Size  Location     Type
    82 ;;		None
    83 ;; Auto vars:     Size  Location     Type
    84 ;;		None
    85 ;; Return value:  Size  Location     Type
    86 ;;		None               void
    87 ;; Registers used:
    88 ;;		wreg, status,2
    89 ;; Tracked objects:
    90 ;;		On entry : B00/0
    91 ;;		On exit  : 0/0
    92 ;;		Unchanged: 0/0
    93 ;; Data sizes:     COMMON   BANK0   BANK1   BANK2
    94 ;;      Params:         0       0       0       0
    95 ;;      Locals:         0       0       0       0
    96 ;;      Temps:          3       0       0       0
    97 ;;      Totals:         3       0       0       0
    98 ;;Total ram usage:        3 bytes
    99 ;; This function calls:
   100 ;;		Nothing
   101 ;; This function is called by:
   102 ;;		Startup code after reset
   103 ;; This function uses a non-reentrant model
   104 ;;
   105                           
   106                           
   107                           ;psect for function _main
   108  079F                     _main:	
   109                           
   110                           ;prodjekt 4 3 pin blink.c: 33: TRISA = 0b00000000;
   111                           
   112                           ;incstack = 0
   113                           ; Regs used in _main: [wreg+status,2]
   114  079F  1683               	bsf	3,5	;RP0=1, select bank1
   115  07A0  1303               	bcf	3,6	;RP1=0, select bank1
   116  07A1  0185               	clrf	5	;volatile
   117                           
   118                           ;prodjekt 4 3 pin blink.c: 34: TRISB = 0b00000000;
   119  07A2  0186               	clrf	6	;volatile
   120                           
   121                           ;prodjekt 4 3 pin blink.c: 36: PORTA = 0b00000000;
   122  07A3  1283               	bcf	3,5	;RP0=0, select bank0
   123  07A4  1303               	bcf	3,6	;RP1=0, select bank0
   124  07A5  0185               	clrf	5	;volatile
   125                           
   126                           ;prodjekt 4 3 pin blink.c: 37: PORTB = 0b00000000;
   127  07A6  0186               	clrf	6	;volatile
   128                           
   129                           ;prodjekt 4 3 pin blink.c: 39: CMCON = 0x07;
   130  07A7  3007               	movlw	7
   131  07A8  009F               	movwf	31	;volatile
   132  07A9                     l482:	
   133                           ;prodjekt 4 3 pin blink.c: 43: while (1)
   134                           
   135                           
   136                           ;prodjekt 4 3 pin blink.c: 44: {
   137                           ;prodjekt 4 3 pin blink.c: 45: PORTA = 0b00000000;
   138  07A9  1283               	bcf	3,5	;RP0=0, select bank0
   139  07AA  1303               	bcf	3,6	;RP1=0, select bank0
   140  07AB  0185               	clrf	5	;volatile
   141                           
   142                           ;prodjekt 4 3 pin blink.c: 46: _delay((unsigned long)((1500)*(4000000/4000.0)));
   143  07AC  3008               	movlw	8
   144  07AD  00F2               	movwf	??_main+2
   145  07AE  309D               	movlw	157
   146  07AF  00F1               	movwf	??_main+1
   147  07B0  300B               	movlw	11
   148  07B1  00F0               	movwf	??_main
   149  07B2                     u17:	
   150  07B2  0BF0               	decfsz	??_main,f
   151  07B3  2FB2               	goto	u17
   152  07B4  0BF1               	decfsz	??_main+1,f
   153  07B5  2FB2               	goto	u17
   154  07B6  0BF2               	decfsz	??_main+2,f
   155  07B7  2FB2               	goto	u17
   156  07B8  2FB9               	nop2
   157                           
   158                           ;prodjekt 4 3 pin blink.c: 47: PORTA = 0b11111111;
   159  07B9  30FF               	movlw	255
   160  07BA  1283               	bcf	3,5	;RP0=0, select bank0
   161  07BB  1303               	bcf	3,6	;RP1=0, select bank0
   162  07BC  0085               	movwf	5	;volatile
   163                           
   164                           ;prodjekt 4 3 pin blink.c: 48: _delay((unsigned long)((1500)*(4000000/4000.0)));
   165  07BD  3008               	movlw	8
   166  07BE  00F2               	movwf	??_main+2
   167  07BF  309D               	movlw	157
   168  07C0  00F1               	movwf	??_main+1
   169  07C1  300B               	movlw	11
   170  07C2  00F0               	movwf	??_main
   171  07C3                     u27:	
   172  07C3  0BF0               	decfsz	??_main,f
   173  07C4  2FC3               	goto	u27
   174  07C5  0BF1               	decfsz	??_main+1,f
   175  07C6  2FC3               	goto	u27
   176  07C7  0BF2               	decfsz	??_main+2,f
   177  07C8  2FC3               	goto	u27
   178  07C9  2FCA               	nop2
   179                           
   180                           ;prodjekt 4 3 pin blink.c: 49: PORTA = 0b00000011;
   181  07CA  3003               	movlw	3
   182  07CB  1283               	bcf	3,5	;RP0=0, select bank0
   183  07CC  1303               	bcf	3,6	;RP1=0, select bank0
   184  07CD  0085               	movwf	5	;volatile
   185                           
   186                           ;prodjekt 4 3 pin blink.c: 50: _delay((unsigned long)((1500)*(4000000/4000.0)));
   187  07CE  3008               	movlw	8
   188  07CF  00F2               	movwf	??_main+2
   189  07D0  309D               	movlw	157
   190  07D1  00F1               	movwf	??_main+1
   191  07D2  300B               	movlw	11
   192  07D3  00F0               	movwf	??_main
   193  07D4                     u37:	
   194  07D4  0BF0               	decfsz	??_main,f
   195  07D5  2FD4               	goto	u37
   196  07D6  0BF1               	decfsz	??_main+1,f
   197  07D7  2FD4               	goto	u37
   198  07D8  0BF2               	decfsz	??_main+2,f
   199  07D9  2FD4               	goto	u37
   200  07DA  2FDB               	nop2
   201                           
   202                           ;prodjekt 4 3 pin blink.c: 51: PORTA = 0b10100101;
   203  07DB  30A5               	movlw	165
   204  07DC  1283               	bcf	3,5	;RP0=0, select bank0
   205  07DD  1303               	bcf	3,6	;RP1=0, select bank0
   206  07DE  0085               	movwf	5	;volatile
   207                           
   208                           ;prodjekt 4 3 pin blink.c: 52: _delay((unsigned long)((1500)*(4000000/4000.0)));
   209  07DF  3008               	movlw	8
   210  07E0  00F2               	movwf	??_main+2
   211  07E1  309D               	movlw	157
   212  07E2  00F1               	movwf	??_main+1
   213  07E3  300B               	movlw	11
   214  07E4  00F0               	movwf	??_main
   215  07E5                     u47:	
   216  07E5  0BF0               	decfsz	??_main,f
   217  07E6  2FE5               	goto	u47
   218  07E7  0BF1               	decfsz	??_main+1,f
   219  07E8  2FE5               	goto	u47
   220  07E9  0BF2               	decfsz	??_main+2,f
   221  07EA  2FE5               	goto	u47
   222  07EB  2FEC               	nop2
   223                           
   224                           ;prodjekt 4 3 pin blink.c: 53: PORTA = 0b00001001;
   225  07EC  3009               	movlw	9
   226  07ED  1283               	bcf	3,5	;RP0=0, select bank0
   227  07EE  1303               	bcf	3,6	;RP1=0, select bank0
   228  07EF  0085               	movwf	5	;volatile
   229                           
   230                           ;prodjekt 4 3 pin blink.c: 54: _delay((unsigned long)((1500)*(4000000/4000.0)));
   231  07F0  3008               	movlw	8
   232  07F1  00F2               	movwf	??_main+2
   233  07F2  309D               	movlw	157
   234  07F3  00F1               	movwf	??_main+1
   235  07F4  300B               	movlw	11
   236  07F5  00F0               	movwf	??_main
   237  07F6                     u57:	
   238  07F6  0BF0               	decfsz	??_main,f
   239  07F7  2FF6               	goto	u57
   240  07F8  0BF1               	decfsz	??_main+1,f
   241  07F9  2FF6               	goto	u57
   242  07FA  0BF2               	decfsz	??_main+2,f
   243  07FB  2FF6               	goto	u57
   244  07FC  2FFD               	nop2
   245  07FD  2FA9               	goto	l482
   246  07FE                     __end_of_main:	
   247  007E                     btemp	set	126	;btemp
   248  007E                     wtemp	set	126
   249  007E                     wtemp0	set	126
   250  0080                     wtemp1	set	128
   251  0082                     wtemp2	set	130
   252  0084                     wtemp3	set	132
   253  0086                     wtemp4	set	134
   254  0088                     wtemp5	set	136
   255  007F                     wtemp6	set	127
   256  007E                     ttemp	set	126
   257  007E                     ttemp0	set	126
   258  0081                     ttemp1	set	129
   259  0084                     ttemp2	set	132
   260  0087                     ttemp3	set	135
   261  007F                     ttemp4	set	127
   262  007E                     ltemp	set	126
   263  007E                     ltemp0	set	126
   264  0082                     ltemp1	set	130
   265  0086                     ltemp2	set	134
   266  0080                     ltemp3	set	128


Data Sizes:
    Strings     0
    Constant    0
    Data        0
    BSS         0
    Persistent  0
    Stack       0

Auto Spaces:
    Space          Size  Autos    Used
    COMMON           14      3       3
    BANK0            80      0       0
    BANK1            80      0       0
    BANK2            48      0       0

Pointer List with Targets:

    None.

Critical Paths under _main in COMMON

    None.

Critical Paths under _main in BANK0

    None.

Critical Paths under _main in BANK1

    None.

Critical Paths under _main in BANK2

    None.

Call Graph Tables:

 ---------------------------------------------------------------------------------
 (Depth) Function   	        Calls       Base Space   Used Autos Params    Refs
 ---------------------------------------------------------------------------------
 (0) _main                                                 3     3      0       0
                                              0 COMMON     3     3      0
 ---------------------------------------------------------------------------------
 Estimated maximum stack depth 0
 ---------------------------------------------------------------------------------

 Call Graph Graphs:

 _main (ROOT)

 Address spaces:
Name               Size   Autos  Total    Cost      Usage
BITCOMMON            E      0       0       0        0.0%
EEDATA              80      0       0       0        0.0%
NULL                 0      0       0       0        0.0%
CODE                 0      0       0       0        0.0%
COMMON               E      3       3       1       21.4%
BITSFR0              0      0       0       1        0.0%
SFR0                 0      0       0       1        0.0%
BITSFR1              0      0       0       2        0.0%
SFR1                 0      0       0       2        0.0%
STACK                0      0       0       2        0.0%
BANK0               50      0       0       3        0.0%
BITSFR3              0      0       0       4        0.0%
SFR3                 0      0       0       4        0.0%
ABS                  0      0       0       4        0.0%
BITBANK0            50      0       0       5        0.0%
BITSFR2              0      0       0       5        0.0%
SFR2                 0      0       0       5        0.0%
BITBANK1            50      0       0       6        0.0%
BANK1               50      0       0       7        0.0%
BITBANK2            30      0       0       8        0.0%
BANK2               30      0       0       9        0.0%
DATA                 0      0       0      10        0.0%


Microchip Technology PIC Macro Assembler V1.35 build -356382666 
Symbol Table                                                                                   Mon Oct 12 23:15:31 2015

                     u17 07B2                       u27 07C3                       u37 07D4  
                     u47 07E5                       u57 07F6                      l482 07A9  
           __CFG_LVP$OFF 0000                     _main 079F                     btemp 007E  
                   ltemp 007E                     start 0000                     ttemp 007E  
                   wtemp 007E                    ?_main 0070            __CFG_WDTE$OFF 0000  
                  _CMCON 001F                    _PORTA 0005                    _PORTB 0006  
                  _TRISA 0085                    _TRISB 0086           __CFG_BOREN$OFF 0000  
                  ltemp0 007E                    ltemp1 0082                    ltemp2 0086  
                  ltemp3 0080                    ttemp0 007E                    ttemp1 0081  
                  ttemp2 0084                    ttemp3 0087                    ttemp4 007F  
                  status 0003                    wtemp0 007E                    wtemp1 0080  
                  wtemp2 0082                    wtemp3 0084                    wtemp4 0086  
                  wtemp5 0088                    wtemp6 007F          __initialization 07FE  
           __end_of_main 07FE                   ??_main 0070  __end_of__initialization 07FE  
         __pcstackCOMMON 0070               __pmaintext 079F     end_of_initialization 07FE  
    start_initialization 07FE                ___latbits 0000            __size_of_main 005F  
     __CFG_FOSC$INTOSCIO 0000  
