

Microchip Technology PIC LITE Macro Assembler V1.35 build -356382666 
                                                                                               Fri Oct 16 19:58:00 2015

Microchip Technology Omniscient Code Generator v1.35 (Free mode) build 201507080246
     1                           	processor	16F628A
     2                           	opt	pw 120
     3                           	opt	lm
     4                           	psect	cinit,global,class=CODE,merge=1,delta=2
     5                           	psect	cstackCOMMON,global,class=COMMON,space=1,delta=1
     6                           	psect	maintext,global,class=CODE,split=1,delta=2
     7                           	dabs	1,0x7E,2
     8  0000                     	;# 
     9  0001                     	;# 
    10  0002                     	;# 
    11  0003                     	;# 
    12  0004                     	;# 
    13  0005                     	;# 
    14  0006                     	;# 
    15  000A                     	;# 
    16  000B                     	;# 
    17  000C                     	;# 
    18  000E                     	;# 
    19  000E                     	;# 
    20  000F                     	;# 
    21  0010                     	;# 
    22  0011                     	;# 
    23  0012                     	;# 
    24  0015                     	;# 
    25  0015                     	;# 
    26  0016                     	;# 
    27  0017                     	;# 
    28  0018                     	;# 
    29  0019                     	;# 
    30  001A                     	;# 
    31  001F                     	;# 
    32  0081                     	;# 
    33  0085                     	;# 
    34  0086                     	;# 
    35  008C                     	;# 
    36  008E                     	;# 
    37  0092                     	;# 
    38  0098                     	;# 
    39  0099                     	;# 
    40  009A                     	;# 
    41  009B                     	;# 
    42  009C                     	;# 
    43  009D                     	;# 
    44  009F                     	;# 
    45  001F                     _CMCON	set	31
    46  0028                     _RA0	set	40
    47  0029                     _RA1	set	41
    48  002A                     _RA2	set	42
    49  0030                     _RB0	set	48
    50  0031                     _RB1	set	49
    51  0032                     _RB2	set	50
    52  0033                     _RB3	set	51
    53  0086                     _TRISB	set	134
    54  0428                     _TRISA0	set	1064
    55  0429                     _TRISA1	set	1065
    56                           
    57                           ; #config settings
    58  0000                     
    59                           	psect	cinit
    60  07FE                     start_initialization:	
    61  07FE                     __initialization:	
    62  07FE                     end_of_initialization:	
    63                           ;End of C runtime variable initialization code
    64                           
    65  07FE                     __end_of__initialization:	
    66  07FE  0183               	clrf	3
    67  07FF  2FB7               	ljmp	_main	;jump to C main() function
    68                           
    69                           	psect	cstackCOMMON
    70  0070                     __pcstackCOMMON:	
    71  0070                     ??_main:	
    72  0070                     ?_main:	
    73                           ; 0 bytes @ 0x0
    74                           
    75                           
    76                           ; 2 bytes @ 0x0
    77  0070                     	ds	3
    78                           
    79                           	psect	maintext
    80  07B7                     __pmaintext:	
    81 ;;
    82 ;;Main: autosize = 0, tempsize = 3, incstack = 0, save=0
    83 ;;
    84 ;; *************** function _main *****************
    85 ;; Defined at:
    86 ;;		line 24 in file "3 switches 1 led v1.c"
    87 ;; Parameters:    Size  Location     Type
    88 ;;		None
    89 ;; Auto vars:     Size  Location     Type
    90 ;;		None
    91 ;; Return value:  Size  Location     Type
    92 ;;                  2   26[None  ] int 
    93 ;; Registers used:
    94 ;;		wreg, status,2
    95 ;; Tracked objects:
    96 ;;		On entry : B00/0
    97 ;;		On exit  : 0/0
    98 ;;		Unchanged: 0/0
    99 ;; Data sizes:     COMMON   BANK0   BANK1   BANK2
   100 ;;      Params:         0       0       0       0
   101 ;;      Locals:         0       0       0       0
   102 ;;      Temps:          3       0       0       0
   103 ;;      Totals:         3       0       0       0
   104 ;;Total ram usage:        3 bytes
   105 ;; This function calls:
   106 ;;		Nothing
   107 ;; This function is called by:
   108 ;;		Startup code after reset
   109 ;; This function uses a non-reentrant model
   110 ;;
   111                           
   112                           
   113                           ;psect for function _main
   114  07B7                     _main:	
   115                           
   116                           ;3 switches 1 led v1.c: 26: TRISB = 0b00000000;
   117                           
   118                           ;incstack = 0
   119                           ; Regs used in _main: [wreg+status,2]
   120  07B7  1683               	bsf	3,5	;RP0=1, select bank1
   121  07B8  1303               	bcf	3,6	;RP1=0, select bank1
   122  07B9  0186               	clrf	6	;volatile
   123                           
   124                           ;3 switches 1 led v1.c: 27: TRISA0 = 1;
   125  07BA  1405               	bsf	5,0	;volatile
   126                           
   127                           ;3 switches 1 led v1.c: 28: TRISA1 = 1;
   128  07BB  1485               	bsf	5,1	;volatile
   129                           
   130                           ;3 switches 1 led v1.c: 29: CMCON = 0x07;
   131  07BC  3007               	movlw	7
   132  07BD  1283               	bcf	3,5	;RP0=0, select bank0
   133  07BE  1303               	bcf	3,6	;RP1=0, select bank0
   134  07BF  009F               	movwf	31	;volatile
   135                           
   136                           ;3 switches 1 led v1.c: 32: RB0 = 0;
   137  07C0  1006               	bcf	6,0	;volatile
   138                           
   139                           ;3 switches 1 led v1.c: 33: RB1 = 0;
   140  07C1  1086               	bcf	6,1	;volatile
   141                           
   142                           ;3 switches 1 led v1.c: 34: RB2 = 0;
   143  07C2  1106               	bcf	6,2	;volatile
   144                           
   145                           ;3 switches 1 led v1.c: 35: RB3 = 0;
   146  07C3  1186               	bcf	6,3	;volatile
   147  07C4                     l509:	
   148                           ;3 switches 1 led v1.c: 37: while(1)
   149                           
   150                           
   151                           ;3 switches 1 led v1.c: 38: {
   152                           ;3 switches 1 led v1.c: 39: if(RA1 == 0)
   153  07C4  1885               	btfsc	5,1	;volatile
   154  07C5  2FD7               	goto	l517
   155                           
   156                           ;3 switches 1 led v1.c: 40: {
   157                           ;3 switches 1 led v1.c: 41: RB0 = 1;
   158  07C6  1406               	bsf	6,0	;volatile
   159                           
   160                           ;3 switches 1 led v1.c: 42: _delay((unsigned long)((3000)*(4000000/4000.0)));
   161  07C7  3010               	movlw	16
   162  07C8  00F2               	movwf	??_main+2
   163  07C9  3039               	movlw	57
   164  07CA  00F1               	movwf	??_main+1
   165  07CB  301B               	movlw	27
   166  07CC  00F0               	movwf	??_main
   167  07CD                     u47:	
   168  07CD  0BF0               	decfsz	??_main,f
   169  07CE  2FCD               	goto	u47
   170  07CF  0BF1               	decfsz	??_main+1,f
   171  07D0  2FCD               	goto	u47
   172  07D1  0BF2               	decfsz	??_main+2,f
   173  07D2  2FCD               	goto	u47
   174  07D3  2FD4               	nop2
   175                           
   176                           ;3 switches 1 led v1.c: 43: RB0 = 0;
   177  07D4  1283               	bcf	3,5	;RP0=0, select bank0
   178  07D5  1303               	bcf	3,6	;RP1=0, select bank0
   179  07D6  1006               	bcf	6,0	;volatile
   180  07D7                     l517:	
   181                           
   182                           ;3 switches 1 led v1.c: 44: }
   183                           ;3 switches 1 led v1.c: 46: if(RA2 == 0)
   184  07D7  1905               	btfsc	5,2	;volatile
   185  07D8  2FEA               	goto	l525
   186                           
   187                           ;3 switches 1 led v1.c: 47: {
   188                           ;3 switches 1 led v1.c: 48: RB0 = 1;
   189  07D9  1406               	bsf	6,0	;volatile
   190                           
   191                           ;3 switches 1 led v1.c: 49: _delay((unsigned long)((1000)*(4000000/4000.0)));
   192  07DA  3006               	movlw	6
   193  07DB  00F2               	movwf	??_main+2
   194  07DC  3013               	movlw	19
   195  07DD  00F1               	movwf	??_main+1
   196  07DE  30B1               	movlw	177
   197  07DF  00F0               	movwf	??_main
   198  07E0                     u57:	
   199  07E0  0BF0               	decfsz	??_main,f
   200  07E1  2FE0               	goto	u57
   201  07E2  0BF1               	decfsz	??_main+1,f
   202  07E3  2FE0               	goto	u57
   203  07E4  0BF2               	decfsz	??_main+2,f
   204  07E5  2FE0               	goto	u57
   205  07E6  2FE7               	nop2
   206                           
   207                           ;3 switches 1 led v1.c: 50: RB0 = 0;
   208  07E7  1283               	bcf	3,5	;RP0=0, select bank0
   209  07E8  1303               	bcf	3,6	;RP1=0, select bank0
   210  07E9  1006               	bcf	6,0	;volatile
   211  07EA                     l525:	
   212                           
   213                           ;3 switches 1 led v1.c: 51: }
   214                           ;3 switches 1 led v1.c: 55: if(RA0 == 0)
   215  07EA  1805               	btfsc	5,0	;volatile
   216  07EB  2FC4               	goto	l509
   217                           
   218                           ;3 switches 1 led v1.c: 56: {
   219                           ;3 switches 1 led v1.c: 57: RB0 = 1;
   220  07EC  1406               	bsf	6,0	;volatile
   221                           
   222                           ;3 switches 1 led v1.c: 58: _delay((unsigned long)((6000)*(4000000/4000.0)));
   223  07ED  301F               	movlw	31
   224  07EE  00F2               	movwf	??_main+2
   225  07EF  3071               	movlw	113
   226  07F0  00F1               	movwf	??_main+1
   227  07F1  303B               	movlw	59
   228  07F2  00F0               	movwf	??_main
   229  07F3                     u67:	
   230  07F3  0BF0               	decfsz	??_main,f
   231  07F4  2FF3               	goto	u67
   232  07F5  0BF1               	decfsz	??_main+1,f
   233  07F6  2FF3               	goto	u67
   234  07F7  0BF2               	decfsz	??_main+2,f
   235  07F8  2FF3               	goto	u67
   236  07F9  0000               	nop
   237                           
   238                           ;3 switches 1 led v1.c: 59: RB0 = 0;
   239  07FA  1283               	bcf	3,5	;RP0=0, select bank0
   240  07FB  1303               	bcf	3,6	;RP1=0, select bank0
   241  07FC  1006               	bcf	6,0	;volatile
   242  07FD  2FC4               	goto	l509
   243  07FE                     __end_of_main:	
   244                           ;3 switches 1 led v1.c: 60: }
   245                           ;3 switches 1 led v1.c: 61: }
   246                           ;3 switches 1 led v1.c: 62: return 0;
   247                           ;	Return value of _main is never used
   248                           
   249  007E                     btemp	set	126	;btemp
   250  007E                     wtemp	set	126
   251  007E                     wtemp0	set	126
   252  0080                     wtemp1	set	128
   253  0082                     wtemp2	set	130
   254  0084                     wtemp3	set	132
   255  0086                     wtemp4	set	134
   256  0088                     wtemp5	set	136
   257  007F                     wtemp6	set	127
   258  007E                     ttemp	set	126
   259  007E                     ttemp0	set	126
   260  0081                     ttemp1	set	129
   261  0084                     ttemp2	set	132
   262  0087                     ttemp3	set	135
   263  007F                     ttemp4	set	127
   264  007E                     ltemp	set	126
   265  007E                     ltemp0	set	126
   266  0082                     ltemp1	set	130
   267  0086                     ltemp2	set	134
   268  0080                     ltemp3	set	128


Data Sizes:
    Strings     0
    Constant    0
    Data        0
    BSS         0
    Persistent  0
    Stack       0

Auto Spaces:
    Space          Size  Autos    Used
    COMMON           14      3       3
    BANK0            80      0       0
    BANK1            80      0       0
    BANK2            48      0       0

Pointer List with Targets:

    None.

Critical Paths under _main in COMMON

    None.

Critical Paths under _main in BANK0

    None.

Critical Paths under _main in BANK1

    None.

Critical Paths under _main in BANK2

    None.

Call Graph Tables:

 ---------------------------------------------------------------------------------
 (Depth) Function   	        Calls       Base Space   Used Autos Params    Refs
 ---------------------------------------------------------------------------------
 (0) _main                                                 3     3      0       0
                                              0 COMMON     3     3      0
 ---------------------------------------------------------------------------------
 Estimated maximum stack depth 0
 ---------------------------------------------------------------------------------

 Call Graph Graphs:

 _main (ROOT)

 Address spaces:
Name               Size   Autos  Total    Cost      Usage
BITCOMMON            E      0       0       0        0.0%
EEDATA              80      0       0       0        0.0%
NULL                 0      0       0       0        0.0%
CODE                 0      0       0       0        0.0%
COMMON               E      3       3       1       21.4%
BITSFR0              0      0       0       1        0.0%
SFR0                 0      0       0       1        0.0%
BITSFR1              0      0       0       2        0.0%
SFR1                 0      0       0       2        0.0%
STACK                0      0       0       2        0.0%
BANK0               50      0       0       3        0.0%
BITSFR3              0      0       0       4        0.0%
SFR3                 0      0       0       4        0.0%
ABS                  0      0       0       4        0.0%
BITBANK0            50      0       0       5        0.0%
BITSFR2              0      0       0       5        0.0%
SFR2                 0      0       0       5        0.0%
BITBANK1            50      0       0       6        0.0%
BANK1               50      0       0       7        0.0%
BITBANK2            30      0       0       8        0.0%
BANK2               30      0       0       9        0.0%
DATA                 0      0       0      10        0.0%


Microchip Technology PIC Macro Assembler V1.35 build -356382666 
Symbol Table                                                                                   Fri Oct 16 19:58:00 2015

                     u47 07CD                       u57 07E0                       u67 07F3  
                    l525 07EA                      l517 07D7                      l509 07C4  
                    _RA0 0028                      _RA1 0029                      _RB0 0030  
                    _RA2 002A                      _RB1 0031                      _RB2 0032  
                    _RB3 0033             __CFG_LVP$OFF 0000                     _main 07B7  
                   btemp 007E                     ltemp 007E                     start 0000  
                   ttemp 007E                     wtemp 007E                    ?_main 0070  
          __CFG_WDTE$OFF 0000                    _CMCON 001F                    _TRISB 0086  
         __CFG_BOREN$OFF 0000                    ltemp0 007E                    ltemp1 0082  
                  ltemp2 0086                    ltemp3 0080                    ttemp0 007E  
                  ttemp1 0081                    ttemp2 0084                    ttemp3 0087  
                  ttemp4 007F                    status 0003                    wtemp0 007E  
                  wtemp1 0080                    wtemp2 0082                    wtemp3 0084  
                  wtemp4 0086                    wtemp5 0088                    wtemp6 007F  
        __initialization 07FE             __end_of_main 07FE                   ??_main 0070  
                 _TRISA0 0428                   _TRISA1 0429  __end_of__initialization 07FE  
         __pcstackCOMMON 0070               __pmaintext 07B7     end_of_initialization 07FE  
    start_initialization 07FE                ___latbits 0000            __size_of_main 0047  
     __CFG_FOSC$INTOSCIO 0000  
