

Microchip Technology PIC LITE Macro Assembler V1.35 build -356382666 
                                                                                               Fri Oct 16 16:06:22 2015

Microchip Technology Omniscient Code Generator v1.35 (Free mode) build 201507080246
     1                           	processor	16F628A
     2                           	opt	pw 120
     3                           	opt	lm
     4                           	psect	cinit,global,class=CODE,merge=1,delta=2
     5                           	psect	cstackCOMMON,global,class=COMMON,space=1,delta=1
     6                           	psect	maintext,global,class=CODE,split=1,delta=2
     7                           	dabs	1,0x7E,2
     8  0000                     	;# 
     9  0001                     	;# 
    10  0002                     	;# 
    11  0003                     	;# 
    12  0004                     	;# 
    13  0005                     	;# 
    14  0006                     	;# 
    15  000A                     	;# 
    16  000B                     	;# 
    17  000C                     	;# 
    18  000E                     	;# 
    19  000E                     	;# 
    20  000F                     	;# 
    21  0010                     	;# 
    22  0011                     	;# 
    23  0012                     	;# 
    24  0015                     	;# 
    25  0015                     	;# 
    26  0016                     	;# 
    27  0017                     	;# 
    28  0018                     	;# 
    29  0019                     	;# 
    30  001A                     	;# 
    31  001F                     	;# 
    32  0081                     	;# 
    33  0085                     	;# 
    34  0086                     	;# 
    35  008C                     	;# 
    36  008E                     	;# 
    37  0092                     	;# 
    38  0098                     	;# 
    39  0099                     	;# 
    40  009A                     	;# 
    41  009B                     	;# 
    42  009C                     	;# 
    43  009D                     	;# 
    44  009F                     	;# 
    45  001F                     _CMCON	set	31
    46  0006                     _PORTB	set	6
    47  0028                     _RA0	set	40
    48  0030                     _RB0	set	48
    49  0086                     _TRISB	set	134
    50  0428                     _TRISA0	set	1064
    51                           
    52                           ; #config settings
    53  0000                     
    54                           	psect	cinit
    55  07FE                     start_initialization:	
    56  07FE                     __initialization:	
    57  07FE                     end_of_initialization:	
    58                           ;End of C runtime variable initialization code
    59                           
    60  07FE                     __end_of__initialization:	
    61  07FE  0183               	clrf	3
    62  07FF  2F89               	ljmp	_main	;jump to C main() function
    63                           
    64                           	psect	cstackCOMMON
    65  0070                     __pcstackCOMMON:	
    66  0070                     ??_main:	
    67  0070                     ?_main:	
    68                           ; 0 bytes @ 0x0
    69                           
    70                           
    71                           ; 2 bytes @ 0x0
    72  0070                     	ds	2
    73                           
    74                           	psect	maintext
    75  0789                     __pmaintext:	
    76 ;;
    77 ;;Main: autosize = 0, tempsize = 2, incstack = 0, save=0
    78 ;;
    79 ;; *************** function _main *****************
    80 ;; Defined at:
    81 ;;		line 24 in file "led blink 1 knapp v4.c"
    82 ;; Parameters:    Size  Location     Type
    83 ;;		None
    84 ;; Auto vars:     Size  Location     Type
    85 ;;		None
    86 ;; Return value:  Size  Location     Type
    87 ;;                  2   16[None  ] int 
    88 ;; Registers used:
    89 ;;		wreg, status,2
    90 ;; Tracked objects:
    91 ;;		On entry : B00/0
    92 ;;		On exit  : 0/0
    93 ;;		Unchanged: 0/0
    94 ;; Data sizes:     COMMON   BANK0   BANK1   BANK2
    95 ;;      Params:         0       0       0       0
    96 ;;      Locals:         0       0       0       0
    97 ;;      Temps:          2       0       0       0
    98 ;;      Totals:         2       0       0       0
    99 ;;Total ram usage:        2 bytes
   100 ;; This function calls:
   101 ;;		Nothing
   102 ;; This function is called by:
   103 ;;		Startup code after reset
   104 ;; This function uses a non-reentrant model
   105 ;;
   106                           
   107                           
   108                           ;psect for function _main
   109  0789                     _main:	
   110                           
   111                           ;led blink 1 knapp v4.c: 26: TRISB = 0b00000000;
   112                           
   113                           ;incstack = 0
   114                           ; Regs used in _main: [wreg+status,2]
   115  0789  1683               	bsf	3,5	;RP0=1, select bank1
   116  078A  1303               	bcf	3,6	;RP1=0, select bank1
   117  078B  0186               	clrf	6	;volatile
   118                           
   119                           ;led blink 1 knapp v4.c: 27: TRISA0 = 1;
   120  078C  1405               	bsf	5,0	;volatile
   121                           
   122                           ;led blink 1 knapp v4.c: 28: CMCON = 0x07;
   123  078D  3007               	movlw	7
   124  078E  1283               	bcf	3,5	;RP0=0, select bank0
   125  078F  1303               	bcf	3,6	;RP1=0, select bank0
   126  0790  009F               	movwf	31	;volatile
   127                           
   128                           ;led blink 1 knapp v4.c: 31: RB0 = 0;
   129  0791  1006               	bcf	6,0	;volatile
   130  0792  2FC5               	goto	l490
   131  0793                     l492:	
   132                           
   133                           ;led blink 1 knapp v4.c: 37: {
   134                           ;led blink 1 knapp v4.c: 38: PORTB = 0b00001000;
   135  0793  3008               	movlw	8
   136  0794  0086               	movwf	6	;volatile
   137                           
   138                           ;led blink 1 knapp v4.c: 39: _delay((unsigned long)((8)*(4000000/4000.0)));
   139  0795  300B               	movlw	11
   140  0796  00F1               	movwf	??_main+1
   141  0797  3062               	movlw	98
   142  0798  00F0               	movwf	??_main
   143  0799                     u27:	
   144  0799  0BF0               	decfsz	??_main,f
   145  079A  2F99               	goto	u27
   146  079B  0BF1               	decfsz	??_main+1,f
   147  079C  2F99               	goto	u27
   148  079D  0000               	nop
   149                           
   150                           ;led blink 1 knapp v4.c: 40: PORTB = 0b00000100;
   151  079E  3004               	movlw	4
   152  079F  1283               	bcf	3,5	;RP0=0, select bank0
   153  07A0  1303               	bcf	3,6	;RP1=0, select bank0
   154  07A1  0086               	movwf	6	;volatile
   155                           
   156                           ;led blink 1 knapp v4.c: 41: _delay((unsigned long)((8)*(4000000/4000.0)));
   157  07A2  300B               	movlw	11
   158  07A3  00F1               	movwf	??_main+1
   159  07A4  3062               	movlw	98
   160  07A5  00F0               	movwf	??_main
   161  07A6                     u37:	
   162  07A6  0BF0               	decfsz	??_main,f
   163  07A7  2FA6               	goto	u37
   164  07A8  0BF1               	decfsz	??_main+1,f
   165  07A9  2FA6               	goto	u37
   166  07AA  0000               	nop
   167                           
   168                           ;led blink 1 knapp v4.c: 42: PORTB = 0b10100010;
   169  07AB  30A2               	movlw	162
   170  07AC  1283               	bcf	3,5	;RP0=0, select bank0
   171  07AD  1303               	bcf	3,6	;RP1=0, select bank0
   172  07AE  0086               	movwf	6	;volatile
   173                           
   174                           ;led blink 1 knapp v4.c: 43: _delay((unsigned long)((8)*(4000000/4000.0)));
   175  07AF  300B               	movlw	11
   176  07B0  00F1               	movwf	??_main+1
   177  07B1  3062               	movlw	98
   178  07B2  00F0               	movwf	??_main
   179  07B3                     u47:	
   180  07B3  0BF0               	decfsz	??_main,f
   181  07B4  2FB3               	goto	u47
   182  07B5  0BF1               	decfsz	??_main+1,f
   183  07B6  2FB3               	goto	u47
   184  07B7  0000               	nop
   185                           
   186                           ;led blink 1 knapp v4.c: 44: PORTB = 0b00000001;
   187  07B8  3001               	movlw	1
   188  07B9  1283               	bcf	3,5	;RP0=0, select bank0
   189  07BA  1303               	bcf	3,6	;RP1=0, select bank0
   190  07BB  0086               	movwf	6	;volatile
   191                           
   192                           ;led blink 1 knapp v4.c: 45: _delay((unsigned long)((8)*(4000000/4000.0)));
   193  07BC  300B               	movlw	11
   194  07BD  00F1               	movwf	??_main+1
   195  07BE  3062               	movlw	98
   196  07BF  00F0               	movwf	??_main
   197  07C0                     u57:	
   198  07C0  0BF0               	decfsz	??_main,f
   199  07C1  2FC0               	goto	u57
   200  07C2  0BF1               	decfsz	??_main+1,f
   201  07C3  2FC0               	goto	u57
   202  07C4  0000               	nop
   203  07C5                     l490:	
   204                           ;led blink 1 knapp v4.c: 34: while(1)
   205                           
   206                           ;led blink 1 knapp v4.c: 46: }
   207                           
   208                           
   209                           ;led blink 1 knapp v4.c: 35: {
   210                           ;led blink 1 knapp v4.c: 36: if(RA0 == 0)
   211  07C5  1283               	bcf	3,5	;RP0=0, select bank0
   212  07C6  1303               	bcf	3,6	;RP1=0, select bank0
   213  07C7  1C05               	btfss	5,0	;volatile
   214  07C8  2F93               	goto	l492
   215                           
   216                           ;led blink 1 knapp v4.c: 47: else
   217                           ;led blink 1 knapp v4.c: 48: {
   218                           ;led blink 1 knapp v4.c: 49: PORTB = 0b00000001;
   219  07C9  3001               	movlw	1
   220  07CA  1283               	bcf	3,5	;RP0=0, select bank0
   221  07CB  1303               	bcf	3,6	;RP1=0, select bank0
   222  07CC  0086               	movwf	6	;volatile
   223                           
   224                           ;led blink 1 knapp v4.c: 50: _delay((unsigned long)((19)*(4000000/4000.0)));
   225  07CD  3019               	movlw	25
   226  07CE  00F1               	movwf	??_main+1
   227  07CF  30AB               	movlw	171
   228  07D0  00F0               	movwf	??_main
   229  07D1                     u67:	
   230  07D1  0BF0               	decfsz	??_main,f
   231  07D2  2FD1               	goto	u67
   232  07D3  0BF1               	decfsz	??_main+1,f
   233  07D4  2FD1               	goto	u67
   234  07D5  2FD6               	nop2
   235                           
   236                           ;led blink 1 knapp v4.c: 51: PORTB = 0b00000010;
   237  07D6  3002               	movlw	2
   238  07D7  1283               	bcf	3,5	;RP0=0, select bank0
   239  07D8  1303               	bcf	3,6	;RP1=0, select bank0
   240  07D9  0086               	movwf	6	;volatile
   241                           
   242                           ;led blink 1 knapp v4.c: 52: _delay((unsigned long)((19)*(4000000/4000.0)));
   243  07DA  3019               	movlw	25
   244  07DB  00F1               	movwf	??_main+1
   245  07DC  30AB               	movlw	171
   246  07DD  00F0               	movwf	??_main
   247  07DE                     u77:	
   248  07DE  0BF0               	decfsz	??_main,f
   249  07DF  2FDE               	goto	u77
   250  07E0  0BF1               	decfsz	??_main+1,f
   251  07E1  2FDE               	goto	u77
   252  07E2  2FE3               	nop2
   253                           
   254                           ;led blink 1 knapp v4.c: 53: PORTB = 0b10100100;
   255  07E3  30A4               	movlw	164
   256  07E4  1283               	bcf	3,5	;RP0=0, select bank0
   257  07E5  1303               	bcf	3,6	;RP1=0, select bank0
   258  07E6  0086               	movwf	6	;volatile
   259                           
   260                           ;led blink 1 knapp v4.c: 54: _delay((unsigned long)((19)*(4000000/4000.0)));
   261  07E7  3019               	movlw	25
   262  07E8  00F1               	movwf	??_main+1
   263  07E9  30AB               	movlw	171
   264  07EA  00F0               	movwf	??_main
   265  07EB                     u87:	
   266  07EB  0BF0               	decfsz	??_main,f
   267  07EC  2FEB               	goto	u87
   268  07ED  0BF1               	decfsz	??_main+1,f
   269  07EE  2FEB               	goto	u87
   270  07EF  2FF0               	nop2
   271                           
   272                           ;led blink 1 knapp v4.c: 55: PORTB = 0b00001000;
   273  07F0  3008               	movlw	8
   274  07F1  1283               	bcf	3,5	;RP0=0, select bank0
   275  07F2  1303               	bcf	3,6	;RP1=0, select bank0
   276  07F3  0086               	movwf	6	;volatile
   277                           
   278                           ;led blink 1 knapp v4.c: 56: _delay((unsigned long)((19)*(4000000/4000.0)));
   279  07F4  3019               	movlw	25
   280  07F5  00F1               	movwf	??_main+1
   281  07F6  30AB               	movlw	171
   282  07F7  00F0               	movwf	??_main
   283  07F8                     u97:	
   284  07F8  0BF0               	decfsz	??_main,f
   285  07F9  2FF8               	goto	u97
   286  07FA  0BF1               	decfsz	??_main+1,f
   287  07FB  2FF8               	goto	u97
   288  07FC  2FFD               	nop2
   289  07FD  2FC5               	goto	l490
   290  07FE                     __end_of_main:	
   291                           ;led blink 1 knapp v4.c: 57: }
   292                           ;led blink 1 knapp v4.c: 58: }
   293                           ;led blink 1 knapp v4.c: 59: return 0;
   294                           ;	Return value of _main is never used
   295                           
   296  007E                     btemp	set	126	;btemp
   297  007E                     wtemp	set	126
   298  007E                     wtemp0	set	126
   299  0080                     wtemp1	set	128
   300  0082                     wtemp2	set	130
   301  0084                     wtemp3	set	132
   302  0086                     wtemp4	set	134
   303  0088                     wtemp5	set	136
   304  007F                     wtemp6	set	127
   305  007E                     ttemp	set	126
   306  007E                     ttemp0	set	126
   307  0081                     ttemp1	set	129
   308  0084                     ttemp2	set	132
   309  0087                     ttemp3	set	135
   310  007F                     ttemp4	set	127
   311  007E                     ltemp	set	126
   312  007E                     ltemp0	set	126
   313  0082                     ltemp1	set	130
   314  0086                     ltemp2	set	134
   315  0080                     ltemp3	set	128


Data Sizes:
    Strings     0
    Constant    0
    Data        0
    BSS         0
    Persistent  0
    Stack       0

Auto Spaces:
    Space          Size  Autos    Used
    COMMON           14      2       2
    BANK0            80      0       0
    BANK1            80      0       0
    BANK2            48      0       0

Pointer List with Targets:

    None.

Critical Paths under _main in COMMON

    None.

Critical Paths under _main in BANK0

    None.

Critical Paths under _main in BANK1

    None.

Critical Paths under _main in BANK2

    None.

Call Graph Tables:

 ---------------------------------------------------------------------------------
 (Depth) Function   	        Calls       Base Space   Used Autos Params    Refs
 ---------------------------------------------------------------------------------
 (0) _main                                                 2     2      0       0
                                              0 COMMON     2     2      0
 ---------------------------------------------------------------------------------
 Estimated maximum stack depth 0
 ---------------------------------------------------------------------------------

 Call Graph Graphs:

 _main (ROOT)

 Address spaces:
Name               Size   Autos  Total    Cost      Usage
BITCOMMON            E      0       0       0        0.0%
EEDATA              80      0       0       0        0.0%
NULL                 0      0       0       0        0.0%
CODE                 0      0       0       0        0.0%
COMMON               E      2       2       1       14.3%
BITSFR0              0      0       0       1        0.0%
SFR0                 0      0       0       1        0.0%
BITSFR1              0      0       0       2        0.0%
SFR1                 0      0       0       2        0.0%
STACK                0      0       0       2        0.0%
BANK0               50      0       0       3        0.0%
BITSFR3              0      0       0       4        0.0%
SFR3                 0      0       0       4        0.0%
ABS                  0      0       0       4        0.0%
BITBANK0            50      0       0       5        0.0%
BITSFR2              0      0       0       5        0.0%
SFR2                 0      0       0       5        0.0%
BITBANK1            50      0       0       6        0.0%
BANK1               50      0       0       7        0.0%
BITBANK2            30      0       0       8        0.0%
BANK2               30      0       0       9        0.0%
DATA                 0      0       0      10        0.0%


Microchip Technology PIC Macro Assembler V1.35 build -356382666 
Symbol Table                                                                                   Fri Oct 16 16:06:22 2015

                     u27 0799                       u37 07A6                       u47 07B3  
                     u57 07C0                       u67 07D1                       u77 07DE  
                     u87 07EB                       u97 07F8                      l490 07C5  
                    l492 0793                      _RA0 0028                      _RB0 0030  
           __CFG_LVP$OFF 0000                     _main 0789                     btemp 007E  
                   ltemp 007E                     start 0000                     ttemp 007E  
                   wtemp 007E                    ?_main 0070            __CFG_WDTE$OFF 0000  
                  _CMCON 001F                    _PORTB 0006                    _TRISB 0086  
         __CFG_BOREN$OFF 0000                    ltemp0 007E                    ltemp1 0082  
                  ltemp2 0086                    ltemp3 0080                    ttemp0 007E  
                  ttemp1 0081                    ttemp2 0084                    ttemp3 0087  
                  ttemp4 007F                    status 0003                    wtemp0 007E  
                  wtemp1 0080                    wtemp2 0082                    wtemp3 0084  
                  wtemp4 0086                    wtemp5 0088                    wtemp6 007F  
        __initialization 07FE             __end_of_main 07FE                   ??_main 0070  
                 _TRISA0 0428  __end_of__initialization 07FE           __pcstackCOMMON 0070  
             __pmaintext 0789     end_of_initialization 07FE      start_initialization 07FE  
              ___latbits 0000            __size_of_main 0075       __CFG_FOSC$INTOSCIO 0000  
