

Microchip Technology PIC LITE Macro Assembler V1.35 build -356382666 
                                                                                               Mon Oct 12 21:07:37 2015

Microchip Technology Omniscient Code Generator v1.35 (Free mode) build 201507080246
     1                           	processor	16F628A
     2                           	opt	pw 120
     3                           	opt	lm
     4                           	psect	cinit,global,class=CODE,merge=1,delta=2
     5                           	psect	cstackCOMMON,global,class=COMMON,space=1,delta=1
     6                           	psect	maintext,global,class=CODE,split=1,delta=2
     7                           	psect	text1,local,class=CODE,merge=1,delta=2
     8                           	psect	text2,local,class=CODE,merge=1,delta=2
     9                           	dabs	1,0x7E,2
    10  0000                     	;# 
    11  0001                     	;# 
    12  0002                     	;# 
    13  0003                     	;# 
    14  0004                     	;# 
    15  0005                     	;# 
    16  0006                     	;# 
    17  000A                     	;# 
    18  000B                     	;# 
    19  000C                     	;# 
    20  000E                     	;# 
    21  000E                     	;# 
    22  000F                     	;# 
    23  0010                     	;# 
    24  0011                     	;# 
    25  0012                     	;# 
    26  0015                     	;# 
    27  0015                     	;# 
    28  0016                     	;# 
    29  0017                     	;# 
    30  0018                     	;# 
    31  0019                     	;# 
    32  001A                     	;# 
    33  001F                     	;# 
    34  0081                     	;# 
    35  0085                     	;# 
    36  0086                     	;# 
    37  008C                     	;# 
    38  008E                     	;# 
    39  0092                     	;# 
    40  0098                     	;# 
    41  0099                     	;# 
    42  009A                     	;# 
    43  009B                     	;# 
    44  009C                     	;# 
    45  009D                     	;# 
    46  009F                     	;# 
    47  001F                     _CMCON	set	31
    48  0005                     _PORTA	set	5
    49  0006                     _PORTB	set	6
    50  0085                     _TRISA	set	133
    51  0086                     _TRISB	set	134
    52                           
    53                           ; #config settings
    54  0000                     
    55                           	psect	cinit
    56  07FE                     start_initialization:	
    57  07FE                     __initialization:	
    58  07FE                     end_of_initialization:	
    59                           ;End of C runtime variable initialization code
    60                           
    61  07FE                     __end_of__initialization:	
    62  07FE  0183               	clrf	3
    63  07FF  2F03               	ljmp	_main	;jump to C main() function
    64                           
    65                           	psect	cstackCOMMON
    66  0070                     __pcstackCOMMON:	
    67  0070                     ?_lightLED:	
    68  0070                     ??_lightLED:	
    69                           ; 0 bytes @ 0x0
    70                           
    71  0070                     ?_turnoffLED:	
    72                           ; 0 bytes @ 0x0
    73                           
    74  0070                     ??_turnoffLED:	
    75                           ; 0 bytes @ 0x0
    76                           
    77  0070                     ?_main:	
    78                           ; 0 bytes @ 0x0
    79                           
    80  0070                     ??_main:	
    81                           ; 0 bytes @ 0x0
    82                           
    83                           
    84                           ; 0 bytes @ 0x0
    85  0070                     	ds	3
    86                           
    87                           	psect	maintext
    88  0703                     __pmaintext:	
    89 ;;
    90 ;;Main: autosize = 0, tempsize = 3, incstack = 0, save=0
    91 ;;
    92 ;; *************** function _main *****************
    93 ;; Defined at:
    94 ;;		line 51 in file "blink allot.c"
    95 ;; Parameters:    Size  Location     Type
    96 ;;		None
    97 ;; Auto vars:     Size  Location     Type
    98 ;;		None
    99 ;; Return value:  Size  Location     Type
   100 ;;		None               void
   101 ;; Registers used:
   102 ;;		wreg, status,2, status,0, pclath, cstack
   103 ;; Tracked objects:
   104 ;;		On entry : B00/0
   105 ;;		On exit  : 0/0
   106 ;;		Unchanged: 0/0
   107 ;; Data sizes:     COMMON   BANK0   BANK1   BANK2
   108 ;;      Params:         0       0       0       0
   109 ;;      Locals:         0       0       0       0
   110 ;;      Temps:          3       0       0       0
   111 ;;      Totals:         3       0       0       0
   112 ;;Total ram usage:        3 bytes
   113 ;; Hardware stack levels required when called:    1
   114 ;; This function calls:
   115 ;;		_lightLED
   116 ;;		_turnoffLED
   117 ;; This function is called by:
   118 ;;		Startup code after reset
   119 ;; This function uses a non-reentrant model
   120 ;;
   121                           
   122                           
   123                           ;psect for function _main
   124  0703                     _main:	
   125                           
   126                           ;blink allot.c: 53: TRISA = 0b00000000;
   127                           
   128                           ;incstack = 0
   129                           ; Regs used in _main: [wreg+status,2+status,0+pclath+cstack]
   130  0703  1683               	bsf	3,5	;RP0=1, select bank1
   131  0704  1303               	bcf	3,6	;RP1=0, select bank1
   132  0705  0185               	clrf	5	;volatile
   133                           
   134                           ;blink allot.c: 54: TRISB = 0b00000000;
   135  0706  0186               	clrf	6	;volatile
   136                           
   137                           ;blink allot.c: 56: PORTA = 0b00000000;
   138  0707  1283               	bcf	3,5	;RP0=0, select bank0
   139  0708  1303               	bcf	3,6	;RP1=0, select bank0
   140  0709  0185               	clrf	5	;volatile
   141                           
   142                           ;blink allot.c: 57: PORTB = 0b00000000;
   143  070A  0186               	clrf	6	;volatile
   144                           
   145                           ;blink allot.c: 59: CMCON = 0x07;
   146  070B  3007               	movlw	7
   147  070C  009F               	movwf	31	;volatile
   148  070D                     l492:	
   149                           ;blink allot.c: 63: while (1)
   150                           
   151                           
   152                           ;blink allot.c: 64: {
   153                           ;blink allot.c: 65: lightLED();
   154  070D  26FC               	fcall	_lightLED
   155                           
   156                           ;blink allot.c: 66: _delay((unsigned long)((150)*(4000000/4000.0)));
   157  070E  30C3               	movlw	195
   158  070F  00F1               	movwf	??_main+1
   159  0710  30CD               	movlw	205
   160  0711  00F0               	movwf	??_main
   161  0712                     u17:	
   162  0712  0BF0               	decfsz	??_main,f
   163  0713  2F12               	goto	u17
   164  0714  0BF1               	decfsz	??_main+1,f
   165  0715  2F12               	goto	u17
   166                           
   167                           ;blink allot.c: 67: turnoffLED();
   168  0716  26F7               	fcall	_turnoffLED
   169                           
   170                           ;blink allot.c: 68: _delay((unsigned long)((150)*(4000000/4000.0)));
   171  0717  30C3               	movlw	195
   172  0718  00F1               	movwf	??_main+1
   173  0719  30CD               	movlw	205
   174  071A  00F0               	movwf	??_main
   175  071B                     u27:	
   176  071B  0BF0               	decfsz	??_main,f
   177  071C  2F1B               	goto	u27
   178  071D  0BF1               	decfsz	??_main+1,f
   179  071E  2F1B               	goto	u27
   180                           
   181                           ;blink allot.c: 69: lightLED();
   182  071F  26FC               	fcall	_lightLED
   183                           
   184                           ;blink allot.c: 70: _delay((unsigned long)((250)*(4000000/4000.0)));
   185  0720  3002               	movlw	2
   186  0721  00F2               	movwf	??_main+2
   187  0722  3045               	movlw	69
   188  0723  00F1               	movwf	??_main+1
   189  0724  30A9               	movlw	169
   190  0725  00F0               	movwf	??_main
   191  0726                     u37:	
   192  0726  0BF0               	decfsz	??_main,f
   193  0727  2F26               	goto	u37
   194  0728  0BF1               	decfsz	??_main+1,f
   195  0729  2F26               	goto	u37
   196  072A  0BF2               	decfsz	??_main+2,f
   197  072B  2F26               	goto	u37
   198  072C  2F2D               	nop2
   199                           
   200                           ;blink allot.c: 71: turnoffLED();
   201  072D  26F7               	fcall	_turnoffLED
   202                           
   203                           ;blink allot.c: 72: _delay((unsigned long)((250)*(4000000/4000.0)));
   204  072E  3002               	movlw	2
   205  072F  00F2               	movwf	??_main+2
   206  0730  3045               	movlw	69
   207  0731  00F1               	movwf	??_main+1
   208  0732  30A9               	movlw	169
   209  0733  00F0               	movwf	??_main
   210  0734                     u47:	
   211  0734  0BF0               	decfsz	??_main,f
   212  0735  2F34               	goto	u47
   213  0736  0BF1               	decfsz	??_main+1,f
   214  0737  2F34               	goto	u47
   215  0738  0BF2               	decfsz	??_main+2,f
   216  0739  2F34               	goto	u47
   217  073A  2F3B               	nop2
   218                           
   219                           ;blink allot.c: 73: lightLED();
   220  073B  26FC               	fcall	_lightLED
   221                           
   222                           ;blink allot.c: 74: _delay((unsigned long)((120)*(4000000/4000.0)));
   223  073C  309C               	movlw	156
   224  073D  00F1               	movwf	??_main+1
   225  073E  30D7               	movlw	215
   226  073F  00F0               	movwf	??_main
   227  0740                     u57:	
   228  0740  0BF0               	decfsz	??_main,f
   229  0741  2F40               	goto	u57
   230  0742  0BF1               	decfsz	??_main+1,f
   231  0743  2F40               	goto	u57
   232                           
   233                           ;blink allot.c: 75: turnoffLED();
   234  0744  26F7               	fcall	_turnoffLED
   235                           
   236                           ;blink allot.c: 76: _delay((unsigned long)((120)*(4000000/4000.0)));
   237  0745  309C               	movlw	156
   238  0746  00F1               	movwf	??_main+1
   239  0747  30D7               	movlw	215
   240  0748  00F0               	movwf	??_main
   241  0749                     u67:	
   242  0749  0BF0               	decfsz	??_main,f
   243  074A  2F49               	goto	u67
   244  074B  0BF1               	decfsz	??_main+1,f
   245  074C  2F49               	goto	u67
   246                           
   247                           ;blink allot.c: 77: lightLED();
   248  074D  26FC               	fcall	_lightLED
   249                           
   250                           ;blink allot.c: 78: _delay((unsigned long)((50)*(4000000/4000.0)));
   251  074E  3041               	movlw	65
   252  074F  00F1               	movwf	??_main+1
   253  0750  30EE               	movlw	238
   254  0751  00F0               	movwf	??_main
   255  0752                     u77:	
   256  0752  0BF0               	decfsz	??_main,f
   257  0753  2F52               	goto	u77
   258  0754  0BF1               	decfsz	??_main+1,f
   259  0755  2F52               	goto	u77
   260  0756  0000               	nop
   261                           
   262                           ;blink allot.c: 79: turnoffLED();
   263  0757  26F7               	fcall	_turnoffLED
   264                           
   265                           ;blink allot.c: 80: _delay((unsigned long)((50)*(4000000/4000.0)));
   266  0758  3041               	movlw	65
   267  0759  00F1               	movwf	??_main+1
   268  075A  30EE               	movlw	238
   269  075B  00F0               	movwf	??_main
   270  075C                     u87:	
   271  075C  0BF0               	decfsz	??_main,f
   272  075D  2F5C               	goto	u87
   273  075E  0BF1               	decfsz	??_main+1,f
   274  075F  2F5C               	goto	u87
   275  0760  0000               	nop
   276                           
   277                           ;blink allot.c: 81: lightLED();
   278  0761  26FC               	fcall	_lightLED
   279                           
   280                           ;blink allot.c: 82: _delay((unsigned long)((25)*(4000000/4000.0)));
   281  0762  3021               	movlw	33
   282  0763  00F1               	movwf	??_main+1
   283  0764  3076               	movlw	118
   284  0765  00F0               	movwf	??_main
   285  0766                     u97:	
   286  0766  0BF0               	decfsz	??_main,f
   287  0767  2F66               	goto	u97
   288  0768  0BF1               	decfsz	??_main+1,f
   289  0769  2F66               	goto	u97
   290  076A  0000               	nop
   291                           
   292                           ;blink allot.c: 83: turnoffLED();
   293  076B  26F7               	fcall	_turnoffLED
   294                           
   295                           ;blink allot.c: 84: _delay((unsigned long)((25)*(4000000/4000.0)));
   296  076C  3021               	movlw	33
   297  076D  00F1               	movwf	??_main+1
   298  076E  3076               	movlw	118
   299  076F  00F0               	movwf	??_main
   300  0770                     u107:	
   301  0770  0BF0               	decfsz	??_main,f
   302  0771  2F70               	goto	u107
   303  0772  0BF1               	decfsz	??_main+1,f
   304  0773  2F70               	goto	u107
   305  0774  0000               	nop
   306                           
   307                           ;blink allot.c: 85: lightLED();
   308  0775  26FC               	fcall	_lightLED
   309                           
   310                           ;blink allot.c: 86: _delay((unsigned long)((100)*(4000000/4000.0)));
   311  0776  3082               	movlw	130
   312  0777  00F1               	movwf	??_main+1
   313  0778  30DD               	movlw	221
   314  0779  00F0               	movwf	??_main
   315  077A                     u117:	
   316  077A  0BF0               	decfsz	??_main,f
   317  077B  2F7A               	goto	u117
   318  077C  0BF1               	decfsz	??_main+1,f
   319  077D  2F7A               	goto	u117
   320  077E  2F7F               	nop2
   321                           
   322                           ;blink allot.c: 87: turnoffLED();
   323  077F  26F7               	fcall	_turnoffLED
   324                           
   325                           ;blink allot.c: 88: _delay((unsigned long)((100)*(4000000/4000.0)));
   326  0780  3082               	movlw	130
   327  0781  00F1               	movwf	??_main+1
   328  0782  30DD               	movlw	221
   329  0783  00F0               	movwf	??_main
   330  0784                     u127:	
   331  0784  0BF0               	decfsz	??_main,f
   332  0785  2F84               	goto	u127
   333  0786  0BF1               	decfsz	??_main+1,f
   334  0787  2F84               	goto	u127
   335  0788  2F89               	nop2
   336                           
   337                           ;blink allot.c: 89: lightLED();
   338  0789  26FC               	fcall	_lightLED
   339                           
   340                           ;blink allot.c: 90: _delay((unsigned long)((5)*(4000000/4000.0)));
   341  078A  3007               	movlw	7
   342  078B  00F1               	movwf	??_main+1
   343  078C  307D               	movlw	125
   344  078D  00F0               	movwf	??_main
   345  078E                     u137:	
   346  078E  0BF0               	decfsz	??_main,f
   347  078F  2F8E               	goto	u137
   348  0790  0BF1               	decfsz	??_main+1,f
   349  0791  2F8E               	goto	u137
   350                           
   351                           ;blink allot.c: 91: turnoffLED();
   352  0792  26F7               	fcall	_turnoffLED
   353                           
   354                           ;blink allot.c: 92: _delay((unsigned long)((5)*(4000000/4000.0)));
   355  0793  3007               	movlw	7
   356  0794  00F1               	movwf	??_main+1
   357  0795  307D               	movlw	125
   358  0796  00F0               	movwf	??_main
   359  0797                     u147:	
   360  0797  0BF0               	decfsz	??_main,f
   361  0798  2F97               	goto	u147
   362  0799  0BF1               	decfsz	??_main+1,f
   363  079A  2F97               	goto	u147
   364                           
   365                           ;blink allot.c: 93: lightLED();
   366  079B  26FC               	fcall	_lightLED
   367                           
   368                           ;blink allot.c: 94: _delay((unsigned long)((2)*(4000000/4000.0)));
   369  079C  3003               	movlw	3
   370  079D  00F1               	movwf	??_main+1
   371  079E  3097               	movlw	151
   372  079F  00F0               	movwf	??_main
   373  07A0                     u157:	
   374  07A0  0BF0               	decfsz	??_main,f
   375  07A1  2FA0               	goto	u157
   376  07A2  0BF1               	decfsz	??_main+1,f
   377  07A3  2FA0               	goto	u157
   378  07A4  2FA5               	nop2
   379                           
   380                           ;blink allot.c: 95: turnoffLED();
   381  07A5  26F7               	fcall	_turnoffLED
   382                           
   383                           ;blink allot.c: 96: _delay((unsigned long)((2)*(4000000/4000.0)));
   384  07A6  3003               	movlw	3
   385  07A7  00F1               	movwf	??_main+1
   386  07A8  3097               	movlw	151
   387  07A9  00F0               	movwf	??_main
   388  07AA                     u167:	
   389  07AA  0BF0               	decfsz	??_main,f
   390  07AB  2FAA               	goto	u167
   391  07AC  0BF1               	decfsz	??_main+1,f
   392  07AD  2FAA               	goto	u167
   393  07AE  2FAF               	nop2
   394                           
   395                           ;blink allot.c: 97: lightLED();
   396  07AF  26FC               	fcall	_lightLED
   397                           
   398                           ;blink allot.c: 98: _delay((unsigned long)((57)*(4000000/4000.0)));
   399  07B0  304B               	movlw	75
   400  07B1  00F1               	movwf	??_main+1
   401  07B2  3005               	movlw	5
   402  07B3  00F0               	movwf	??_main
   403  07B4                     u177:	
   404  07B4  0BF0               	decfsz	??_main,f
   405  07B5  2FB4               	goto	u177
   406  07B6  0BF1               	decfsz	??_main+1,f
   407  07B7  2FB4               	goto	u177
   408                           
   409                           ;blink allot.c: 99: turnoffLED();
   410  07B8  26F7               	fcall	_turnoffLED
   411                           
   412                           ;blink allot.c: 100: _delay((unsigned long)((57)*(4000000/4000.0)));
   413  07B9  304B               	movlw	75
   414  07BA  00F1               	movwf	??_main+1
   415  07BB  3005               	movlw	5
   416  07BC  00F0               	movwf	??_main
   417  07BD                     u187:	
   418  07BD  0BF0               	decfsz	??_main,f
   419  07BE  2FBD               	goto	u187
   420  07BF  0BF1               	decfsz	??_main+1,f
   421  07C0  2FBD               	goto	u187
   422                           
   423                           ;blink allot.c: 101: lightLED();
   424  07C1  26FC               	fcall	_lightLED
   425                           
   426                           ;blink allot.c: 102: _delay((unsigned long)((50)*(4000000/4000.0)));
   427  07C2  3041               	movlw	65
   428  07C3  00F1               	movwf	??_main+1
   429  07C4  30EE               	movlw	238
   430  07C5  00F0               	movwf	??_main
   431  07C6                     u197:	
   432  07C6  0BF0               	decfsz	??_main,f
   433  07C7  2FC6               	goto	u197
   434  07C8  0BF1               	decfsz	??_main+1,f
   435  07C9  2FC6               	goto	u197
   436  07CA  0000               	nop
   437                           
   438                           ;blink allot.c: 103: turnoffLED();
   439  07CB  26F7               	fcall	_turnoffLED
   440                           
   441                           ;blink allot.c: 104: _delay((unsigned long)((50)*(4000000/4000.0)));
   442  07CC  3041               	movlw	65
   443  07CD  00F1               	movwf	??_main+1
   444  07CE  30EE               	movlw	238
   445  07CF  00F0               	movwf	??_main
   446  07D0                     u207:	
   447  07D0  0BF0               	decfsz	??_main,f
   448  07D1  2FD0               	goto	u207
   449  07D2  0BF1               	decfsz	??_main+1,f
   450  07D3  2FD0               	goto	u207
   451  07D4  0000               	nop
   452                           
   453                           ;blink allot.c: 105: lightLED();
   454  07D5  26FC               	fcall	_lightLED
   455                           
   456                           ;blink allot.c: 106: _delay((unsigned long)((100)*(4000000/4000.0)));
   457  07D6  3082               	movlw	130
   458  07D7  00F1               	movwf	??_main+1
   459  07D8  30DD               	movlw	221
   460  07D9  00F0               	movwf	??_main
   461  07DA                     u217:	
   462  07DA  0BF0               	decfsz	??_main,f
   463  07DB  2FDA               	goto	u217
   464  07DC  0BF1               	decfsz	??_main+1,f
   465  07DD  2FDA               	goto	u217
   466  07DE  2FDF               	nop2
   467                           
   468                           ;blink allot.c: 107: turnoffLED();
   469  07DF  26F7               	fcall	_turnoffLED
   470                           
   471                           ;blink allot.c: 108: _delay((unsigned long)((100)*(4000000/4000.0)));
   472  07E0  3082               	movlw	130
   473  07E1  00F1               	movwf	??_main+1
   474  07E2  30DD               	movlw	221
   475  07E3  00F0               	movwf	??_main
   476  07E4                     u227:	
   477  07E4  0BF0               	decfsz	??_main,f
   478  07E5  2FE4               	goto	u227
   479  07E6  0BF1               	decfsz	??_main+1,f
   480  07E7  2FE4               	goto	u227
   481  07E8  2FE9               	nop2
   482                           
   483                           ;blink allot.c: 109: lightLED();
   484  07E9  26FC               	fcall	_lightLED
   485                           
   486                           ;blink allot.c: 110: _delay((unsigned long)((25)*(4000000/4000.0)));
   487  07EA  3021               	movlw	33
   488  07EB  00F1               	movwf	??_main+1
   489  07EC  3076               	movlw	118
   490  07ED  00F0               	movwf	??_main
   491  07EE                     u237:	
   492  07EE  0BF0               	decfsz	??_main,f
   493  07EF  2FEE               	goto	u237
   494  07F0  0BF1               	decfsz	??_main+1,f
   495  07F1  2FEE               	goto	u237
   496  07F2  0000               	nop
   497                           
   498                           ;blink allot.c: 111: turnoffLED();
   499  07F3  26F7               	fcall	_turnoffLED
   500                           
   501                           ;blink allot.c: 112: _delay((unsigned long)((25)*(4000000/4000.0)));
   502  07F4  3021               	movlw	33
   503  07F5  00F1               	movwf	??_main+1
   504  07F6  3076               	movlw	118
   505  07F7  00F0               	movwf	??_main
   506  07F8                     u247:	
   507  07F8  0BF0               	decfsz	??_main,f
   508  07F9  2FF8               	goto	u247
   509  07FA  0BF1               	decfsz	??_main+1,f
   510  07FB  2FF8               	goto	u247
   511  07FC  0000               	nop
   512  07FD  2F0D               	goto	l492
   513  07FE                     __end_of_main:	
   514                           
   515                           	psect	text1
   516  06F7                     __ptext1:	
   517 ;; *************** function _turnoffLED *****************
   518 ;; Defined at:
   519 ;;		line 40 in file "blink allot.c"
   520 ;; Parameters:    Size  Location     Type
   521 ;;		None
   522 ;; Auto vars:     Size  Location     Type
   523 ;;		None
   524 ;; Return value:  Size  Location     Type
   525 ;;		None               void
   526 ;; Registers used:
   527 ;;		status,2
   528 ;; Tracked objects:
   529 ;;		On entry : 0/0
   530 ;;		On exit  : 0/0
   531 ;;		Unchanged: 0/0
   532 ;; Data sizes:     COMMON   BANK0   BANK1   BANK2
   533 ;;      Params:         0       0       0       0
   534 ;;      Locals:         0       0       0       0
   535 ;;      Temps:          0       0       0       0
   536 ;;      Totals:         0       0       0       0
   537 ;;Total ram usage:        0 bytes
   538 ;; Hardware stack levels used:    1
   539 ;; This function calls:
   540 ;;		Nothing
   541 ;; This function is called by:
   542 ;;		_main
   543 ;; This function uses a non-reentrant model
   544 ;;
   545                           
   546                           
   547                           ;psect for function _turnoffLED
   548  06F7                     _turnoffLED:	
   549                           
   550                           ;blink allot.c: 42: PORTA = 0b00000000;
   551                           
   552                           ;incstack = 0
   553                           ; Regs used in _turnoffLED: [status,2]
   554  06F7  1283               	bcf	3,5	;RP0=0, select bank0
   555  06F8  1303               	bcf	3,6	;RP1=0, select bank0
   556  06F9  0185               	clrf	5	;volatile
   557                           
   558                           ;blink allot.c: 43: PORTB = 0b00000000;
   559  06FA  0186               	clrf	6	;volatile
   560  06FB  0008               	return
   561  06FC                     __end_of_turnoffLED:	
   562                           
   563                           	psect	text2
   564  06FC                     __ptext2:	
   565 ;; *************** function _lightLED *****************
   566 ;; Defined at:
   567 ;;		line 31 in file "blink allot.c"
   568 ;; Parameters:    Size  Location     Type
   569 ;;		None
   570 ;; Auto vars:     Size  Location     Type
   571 ;;		None
   572 ;; Return value:  Size  Location     Type
   573 ;;		None               void
   574 ;; Registers used:
   575 ;;		wreg
   576 ;; Tracked objects:
   577 ;;		On entry : 0/0
   578 ;;		On exit  : 0/0
   579 ;;		Unchanged: 0/0
   580 ;; Data sizes:     COMMON   BANK0   BANK1   BANK2
   581 ;;      Params:         0       0       0       0
   582 ;;      Locals:         0       0       0       0
   583 ;;      Temps:          0       0       0       0
   584 ;;      Totals:         0       0       0       0
   585 ;;Total ram usage:        0 bytes
   586 ;; Hardware stack levels used:    1
   587 ;; This function calls:
   588 ;;		Nothing
   589 ;; This function is called by:
   590 ;;		_main
   591 ;; This function uses a non-reentrant model
   592 ;;
   593                           
   594                           
   595                           ;psect for function _lightLED
   596  06FC                     _lightLED:	
   597                           
   598                           ;blink allot.c: 33: PORTA = 0b11111111;
   599                           
   600                           ;incstack = 0
   601                           ; Regs used in _lightLED: [wreg]
   602  06FC  30FF               	movlw	255
   603  06FD  1283               	bcf	3,5	;RP0=0, select bank0
   604  06FE  1303               	bcf	3,6	;RP1=0, select bank0
   605  06FF  0085               	movwf	5	;volatile
   606                           
   607                           ;blink allot.c: 34: PORTB = 0b11111111;
   608  0700  30FF               	movlw	255
   609  0701  0086               	movwf	6	;volatile
   610  0702  0008               	return
   611  0703                     __end_of_lightLED:	
   612  007E                     btemp	set	126	;btemp
   613  007E                     wtemp	set	126
   614  007E                     wtemp0	set	126
   615  0080                     wtemp1	set	128
   616  0082                     wtemp2	set	130
   617  0084                     wtemp3	set	132
   618  0086                     wtemp4	set	134
   619  0088                     wtemp5	set	136
   620  007F                     wtemp6	set	127
   621  007E                     ttemp	set	126
   622  007E                     ttemp0	set	126
   623  0081                     ttemp1	set	129
   624  0084                     ttemp2	set	132
   625  0087                     ttemp3	set	135
   626  007F                     ttemp4	set	127
   627  007E                     ltemp	set	126
   628  007E                     ltemp0	set	126
   629  0082                     ltemp1	set	130
   630  0086                     ltemp2	set	134
   631  0080                     ltemp3	set	128


Data Sizes:
    Strings     0
    Constant    0
    Data        0
    BSS         0
    Persistent  0
    Stack       0

Auto Spaces:
    Space          Size  Autos    Used
    COMMON           14      3       3
    BANK0            80      0       0
    BANK1            80      0       0
    BANK2            48      0       0

Pointer List with Targets:

    None.

Critical Paths under _main in COMMON

    None.

Critical Paths under _main in BANK0

    None.

Critical Paths under _main in BANK1

    None.

Critical Paths under _main in BANK2

    None.

Call Graph Tables:

 ---------------------------------------------------------------------------------
 (Depth) Function   	        Calls       Base Space   Used Autos Params    Refs
 ---------------------------------------------------------------------------------
 (0) _main                                                 3     3      0       0
                                              0 COMMON     3     3      0
                           _lightLED
                         _turnoffLED
 ---------------------------------------------------------------------------------
 (1) _turnoffLED                                           0     0      0       0
 ---------------------------------------------------------------------------------
 (1) _lightLED                                             0     0      0       0
 ---------------------------------------------------------------------------------
 Estimated maximum stack depth 1
 ---------------------------------------------------------------------------------

 Call Graph Graphs:

 _main (ROOT)
   _lightLED
   _turnoffLED

 Address spaces:
Name               Size   Autos  Total    Cost      Usage
BITCOMMON            E      0       0       0        0.0%
EEDATA              80      0       0       0        0.0%
NULL                 0      0       0       0        0.0%
CODE                 0      0       0       0        0.0%
COMMON               E      3       3       1       21.4%
BITSFR0              0      0       0       1        0.0%
SFR0                 0      0       0       1        0.0%
BITSFR1              0      0       0       2        0.0%
SFR1                 0      0       0       2        0.0%
STACK                0      0       0       2        0.0%
BANK0               50      0       0       3        0.0%
BITSFR3              0      0       0       4        0.0%
SFR3                 0      0       0       4        0.0%
ABS                  0      0       0       4        0.0%
BITBANK0            50      0       0       5        0.0%
BITSFR2              0      0       0       5        0.0%
SFR2                 0      0       0       5        0.0%
BITBANK1            50      0       0       6        0.0%
BANK1               50      0       0       7        0.0%
BITBANK2            30      0       0       8        0.0%
BANK2               30      0       0       9        0.0%
DATA                 0      0       0      10        0.0%


Microchip Technology PIC Macro Assembler V1.35 build -356382666 
Symbol Table                                                                                   Mon Oct 12 21:07:37 2015

                     u17 0712                       u27 071B                       u37 0726  
                     u47 0734                       u57 0740                       u67 0749  
                     u77 0752                       u87 075C                       u97 0766  
                    l492 070D                      u107 0770                      u117 077A  
                    u207 07D0                      u127 0784                      u217 07DA  
                    u137 078E                      u227 07E4                      u147 0797  
                    u237 07EE                      u157 07A0                      u247 07F8  
                    u167 07AA                      u177 07B4                      u187 07BD  
                    u197 07C6             __CFG_LVP$OFF 0000                     _main 0703  
                   btemp 007E                     ltemp 007E                     start 0000  
                   ttemp 007E                     wtemp 007E                    ?_main 0070  
          __CFG_WDTE$OFF 0000                    _CMCON 001F                    _PORTA 0005  
                  _PORTB 0006                    _TRISA 0085                    _TRISB 0086  
         __CFG_BOREN$OFF 0000                    ltemp0 007E                    ltemp1 0082  
                  ltemp2 0086                    ltemp3 0080                    ttemp0 007E  
                  ttemp1 0081                    ttemp2 0084                    ttemp3 0087  
                  ttemp4 007F                    status 0003                    wtemp0 007E  
                  wtemp1 0080                    wtemp2 0082                    wtemp3 0084  
                  wtemp4 0086                    wtemp5 0088                    wtemp6 007F  
        __initialization 07FE             __end_of_main 07FE                   ??_main 0070  
       __end_of_lightLED 0703  __end_of__initialization 07FE           __pcstackCOMMON 0070  
             __pmaintext 0703                ?_lightLED 0070                  __ptext1 06F7  
                __ptext2 06FC     end_of_initialization 07FE               ??_lightLED 0070  
             _turnoffLED 06F7      start_initialization 07FE                ___latbits 0000  
      __size_of_lightLED 0007              ?_turnoffLED 0070      __size_of_turnoffLED 0005  
               _lightLED 06FC            __size_of_main 00FB             ??_turnoffLED 0070  
     __CFG_FOSC$INTOSCIO 0000       __end_of_turnoffLED 06FC  
