

Microchip Technology PIC LITE Macro Assembler V1.35 build -356382666 
                                                                                               Tue Oct 13 21:37:30 2015

Microchip Technology Omniscient Code Generator v1.35 (Free mode) build 201507080246
     1                           	processor	16F628A
     2                           	opt	pw 120
     3                           	opt	lm
     4                           	psect	cinit,global,class=CODE,merge=1,delta=2
     5                           	psect	cstackCOMMON,global,class=COMMON,space=1,delta=1
     6                           	psect	maintext,global,class=CODE,split=1,delta=2
     7                           	dabs	1,0x7E,2
     8  0000                     	;# 
     9  0001                     	;# 
    10  0002                     	;# 
    11  0003                     	;# 
    12  0004                     	;# 
    13  0005                     	;# 
    14  0006                     	;# 
    15  000A                     	;# 
    16  000B                     	;# 
    17  000C                     	;# 
    18  000E                     	;# 
    19  000E                     	;# 
    20  000F                     	;# 
    21  0010                     	;# 
    22  0011                     	;# 
    23  0012                     	;# 
    24  0015                     	;# 
    25  0015                     	;# 
    26  0016                     	;# 
    27  0017                     	;# 
    28  0018                     	;# 
    29  0019                     	;# 
    30  001A                     	;# 
    31  001F                     	;# 
    32  0081                     	;# 
    33  0085                     	;# 
    34  0086                     	;# 
    35  008C                     	;# 
    36  008E                     	;# 
    37  0092                     	;# 
    38  0098                     	;# 
    39  0099                     	;# 
    40  009A                     	;# 
    41  009B                     	;# 
    42  009C                     	;# 
    43  009D                     	;# 
    44  009F                     	;# 
    45  0030                     _RB0	set	48
    46  0031                     _RB1	set	49
    47  0032                     _RB2	set	50
    48  0033                     _RB3	set	51
    49  0430                     _TRISB0	set	1072
    50  0431                     _TRISB1	set	1073
    51  0432                     _TRISB2	set	1074
    52  0433                     _TRISB3	set	1075
    53                           
    54                           	psect	cinit
    55  07FE                     start_initialization:	
    56                           ; #config settings
    57                           
    58  07FE                     __initialization:	
    59  07FE                     end_of_initialization:	
    60                           ;End of C runtime variable initialization code
    61                           
    62  07FE                     __end_of__initialization:	
    63  07FE  0183               	clrf	3
    64  07FF  2FEE               	ljmp	_main	;jump to C main() function
    65                           
    66                           	psect	cstackCOMMON
    67  0000                     __pcstackCOMMON:	
    68  0000                     ?_main:	
    69  0000                     ??_main:	
    70                           ; 0 bytes @ 0x0
    71                           
    72                           
    73                           	psect	maintext
    74  07EE                     __pmaintext:	
    75                           ; 0 bytes @ 0x0
    76 ;;
    77 ;;Main: autosize = 0, tempsize = 0, incstack = 0, save=0
    78 ;;
    79 ;; *************** function _main *****************
    80 ;; Defined at:
    81 ;;		line 35 in file "ledblink +knapp 1.c"
    82 ;; Parameters:    Size  Location     Type
    83 ;;		None
    84 ;; Auto vars:     Size  Location     Type
    85 ;;		None
    86 ;; Return value:  Size  Location     Type
    87 ;;		None               void
    88 ;; Registers used:
    89 ;;		None
    90 ;; Tracked objects:
    91 ;;		On entry : B00/0
    92 ;;		On exit  : 0/0
    93 ;;		Unchanged: 0/0
    94 ;; Data sizes:     COMMON   BANK0   BANK1   BANK2
    95 ;;      Params:         0       0       0       0
    96 ;;      Locals:         0       0       0       0
    97 ;;      Temps:          0       0       0       0
    98 ;;      Totals:         0       0       0       0
    99 ;;Total ram usage:        0 bytes
   100 ;; This function calls:
   101 ;;		Nothing
   102 ;; This function is called by:
   103 ;;		Startup code after reset
   104 ;; This function uses a non-reentrant model
   105 ;;
   106                           
   107                           
   108                           ;psect for function _main
   109  07EE                     _main:	
   110                           
   111                           ;ledblink +knapp 1.c: 37: TRISB0 = 1;
   112                           
   113                           ;incstack = 0
   114                           ; Regs used in _main: []
   115  07EE  1683               	bsf	3,5	;RP0=1, select bank1
   116  07EF  1303               	bcf	3,6	;RP1=0, select bank1
   117  07F0  1406               	bsf	6,0	;volatile
   118                           
   119                           ;ledblink +knapp 1.c: 38: TRISB1 = 1;
   120  07F1  1486               	bsf	6,1	;volatile
   121                           
   122                           ;ledblink +knapp 1.c: 39: TRISB2 = 0;
   123  07F2  1106               	bcf	6,2	;volatile
   124  07F3                     L1:	
   125                           
   126                           ;ledblink +knapp 1.c: 40: TRISB3 = 0;
   127  07F3  1186               	bcf	6,3	;volatile
   128  07F4                     l19:	
   129                           ;ledblink +knapp 1.c: 43: while(1)
   130                           
   131                           
   132                           ;ledblink +knapp 1.c: 44: {
   133                           ;ledblink +knapp 1.c: 45: if (RB0 == 0)
   134  07F4  1283               	bcf	3,5	;RP0=0, select bank0
   135  07F5  1806               	btfsc	6,0	;volatile
   136  07F6  2FF9               	goto	l20
   137                           
   138                           ;ledblink +knapp 1.c: 46: RB2 = 1;
   139  07F7  1506               	bsf	6,2	;volatile
   140  07F8  2FFA               	goto	l21
   141  07F9                     l20:	
   142                           
   143                           ;ledblink +knapp 1.c: 47: else
   144                           ;ledblink +knapp 1.c: 48: RB2 = 0;
   145  07F9  1106               	bcf	6,2	;volatile
   146  07FA                     l21:	
   147                           
   148                           ;ledblink +knapp 1.c: 50: if (RB1 == 0)
   149  07FA  1886               	btfsc	6,1	;volatile
   150  07FB  2FF3               	goto	L1
   151                           
   152                           ;ledblink +knapp 1.c: 51: RB3 = 1;
   153  07FC  1586               	bsf	6,3	;volatile
   154  07FD  2FF4               	goto	l19
   155  07FE                     __end_of_main:	
   156                           ;ledblink +knapp 1.c: 52: else
   157                           ;ledblink +knapp 1.c: 53: RB3 = 0;
   158                           
   159  007E                     btemp	set	126	;btemp
   160  007E                     wtemp	set	126
   161  007E                     wtemp0	set	126
   162  0080                     wtemp1	set	128
   163  0082                     wtemp2	set	130
   164  0084                     wtemp3	set	132
   165  0086                     wtemp4	set	134
   166  0088                     wtemp5	set	136
   167  007F                     wtemp6	set	127
   168  007E                     ttemp	set	126
   169  007E                     ttemp0	set	126
   170  0081                     ttemp1	set	129
   171  0084                     ttemp2	set	132
   172  0087                     ttemp3	set	135
   173  007F                     ttemp4	set	127
   174  007E                     ltemp	set	126
   175  007E                     ltemp0	set	126
   176  0082                     ltemp1	set	130
   177  0086                     ltemp2	set	134
   178  0080                     ltemp3	set	128


Data Sizes:
    Strings     0
    Constant    0
    Data        0
    BSS         0
    Persistent  0
    Stack       0

Auto Spaces:
    Space          Size  Autos    Used
    COMMON           14      0       0
    BANK0            80      0       0
    BANK1            80      0       0
    BANK2            48      0       0

Pointer List with Targets:

    None.

Critical Paths under _main in COMMON

    None.

Critical Paths under _main in BANK0

    None.

Critical Paths under _main in BANK1

    None.

Critical Paths under _main in BANK2

    None.

Call Graph Tables:

 ---------------------------------------------------------------------------------
 (Depth) Function   	        Calls       Base Space   Used Autos Params    Refs
 ---------------------------------------------------------------------------------
 (0) _main                                                 0     0      0       0
 ---------------------------------------------------------------------------------
 Estimated maximum stack depth 0
 ---------------------------------------------------------------------------------

 Call Graph Graphs:

 _main (ROOT)

 Address spaces:
Name               Size   Autos  Total    Cost      Usage
BITCOMMON            E      0       0       0        0.0%
EEDATA              80      0       0       0        0.0%
NULL                 0      0       0       0        0.0%
CODE                 0      0       0       0        0.0%
COMMON               E      0       0       1        0.0%
BITSFR0              0      0       0       1        0.0%
SFR0                 0      0       0       1        0.0%
BITSFR1              0      0       0       2        0.0%
SFR1                 0      0       0       2        0.0%
STACK                0      0       0       2        0.0%
BANK0               50      0       0       3        0.0%
BITSFR3              0      0       0       4        0.0%
SFR3                 0      0       0       4        0.0%
ABS                  0      0       0       4        0.0%
BITBANK0            50      0       0       5        0.0%
BITSFR2              0      0       0       5        0.0%
SFR2                 0      0       0       5        0.0%
BITBANK1            50      0       0       6        0.0%
BANK1               50      0       0       7        0.0%
BITBANK2            30      0       0       8        0.0%
BANK2               30      0       0       9        0.0%
DATA                 0      0       0      10        0.0%


Microchip Technology PIC Macro Assembler V1.35 build -356382666 
Symbol Table                                                                                   Tue Oct 13 21:37:30 2015

                     l20 07F9                       l21 07FA                       l19 07F4  
                    _RB0 0030                      _RB1 0031                      _RB2 0032  
                    _RB3 0033                     _main 07EE                     btemp 007E  
                   ltemp 007E                     start 0000                     ttemp 007E  
                   wtemp 007E                    ?_main 0000                    ltemp0 007E  
                  ltemp1 0082                    ltemp2 0086                    ltemp3 0080  
                  ttemp0 007E                    ttemp1 0081                    ttemp2 0084  
                  ttemp3 0087                    ttemp4 007F                    status 0003  
                  wtemp0 007E                    wtemp1 0080                    wtemp2 0082  
                  wtemp3 0084                    wtemp4 0086                    wtemp5 0088  
                  wtemp6 007F          __initialization 07FE             __end_of_main 07FE  
                 ??_main 0000                   _TRISB0 0430                   _TRISB1 0431  
                 _TRISB2 0432                   _TRISB3 0433  __end_of__initialization 07FE  
         __pcstackCOMMON 0000               __pmaintext 07EE     end_of_initialization 07FE  
    start_initialization 07FE                ___latbits 0000            __size_of_main 0010  
